CRITICAL - 2022-02-22 18:38:39 --> Call to undefined method CodeIgniter\View\View::extends()
#0 D:\xampp\htdocs\app_cafe_irhab\vendor\codeigniter4\framework\system\View\View.php(210): include()
#1 D:\xampp\htdocs\app_cafe_irhab\vendor\codeigniter4\framework\system\View\View.php(213): CodeIgniter\View\View->CodeIgniter\View\{closure}()
#2 D:\xampp\htdocs\app_cafe_irhab\vendor\codeigniter4\framework\system\Common.php(1089): CodeIgniter\View\View->render('UserList', Array, true)
#3 D:\xampp\htdocs\app_cafe_irhab\app\Controllers\UserController.php(15): view('UserList', Array)
#4 D:\xampp\htdocs\app_cafe_irhab\vendor\codeigniter4\framework\system\CodeIgniter.php(825): App\Controllers\UserController->tampil()
#5 D:\xampp\htdocs\app_cafe_irhab\vendor\codeigniter4\framework\system\CodeIgniter.php(412): CodeIgniter\CodeIgniter->runController(Object(App\Controllers\UserController))
#6 D:\xampp\htdocs\app_cafe_irhab\vendor\codeigniter4\framework\system\CodeIgniter.php(320): CodeIgniter\CodeIgniter->handleRequest(NULL, Object(Config\Cache), false)
#7 D:\xampp\htdocs\app_cafe_irhab\public\index.php(37): CodeIgniter\CodeIgniter->run()
#8 D:\xampp\htdocs\app_cafe_irhab\vendor\codeigniter4\framework\system\Commands\Server\rewrite.php(43): require_once('D:\\xampp\\htdocs...')
#9 {main}
CRITICAL - 2022-02-22 18:39:20 --> Call to undefined method CodeIgniter\View\View::extends()
#0 D:\xampp\htdocs\app_cafe_irhab\vendor\codeigniter4\framework\system\View\View.php(210): include()
#1 D:\xampp\htdocs\app_cafe_irhab\vendor\codeigniter4\framework\system\View\View.php(213): CodeIgniter\View\View->CodeIgniter\View\{closure}()
#2 D:\xampp\htdocs\app_cafe_irhab\vendor\codeigniter4\framework\system\Common.php(1089): CodeIgniter\View\View->render('UserList', Array, true)
#3 D:\xampp\htdocs\app_cafe_irhab\app\Controllers\UserController.php(15): view('UserList', Array)
#4 D:\xampp\htdocs\app_cafe_irhab\vendor\codeigniter4\framework\system\CodeIgniter.php(825): App\Controllers\UserController->tampil()
#5 D:\xampp\htdocs\app_cafe_irhab\vendor\codeigniter4\framework\system\CodeIgniter.php(412): CodeIgniter\CodeIgniter->runController(Object(App\Controllers\UserController))
#6 D:\xampp\htdocs\app_cafe_irhab\vendor\codeigniter4\framework\system\CodeIgniter.php(320): CodeIgniter\CodeIgniter->handleRequest(NULL, Object(Config\Cache), false)
#7 D:\xampp\htdocs\app_cafe_irhab\public\index.php(37): CodeIgniter\CodeIgniter->run()
#8 D:\xampp\htdocs\app_cafe_irhab\vendor\codeigniter4\framework\system\Commands\Server\rewrite.php(43): require_once('D:\\xampp\\htdocs...')
#9 {main}
ERROR - 2022-02-22 20:12:13 --> Column 'jenis' cannot be null
CRITICAL - 2022-02-22 20:12:13 --> Column 'jenis' cannot be null
#0 D:\xampp\htdocs\app_cafe_irhab\vendor\codeigniter4\framework\system\Database\MySQLi\Connection.php(292): mysqli->query('INSERT INTO `tb...', 0)
#1 D:\xampp\htdocs\app_cafe_irhab\vendor\codeigniter4\framework\system\Database\BaseConnection.php(670): CodeIgniter\Database\MySQLi\Connection->execute('INSERT INTO `tb...')
#2 D:\xampp\htdocs\app_cafe_irhab\vendor\codeigniter4\framework\system\Database\BaseConnection.php(598): CodeIgniter\Database\BaseConnection->simpleQuery('INSERT INTO `tb...')
#3 D:\xampp\htdocs\app_cafe_irhab\vendor\codeigniter4\framework\system\Database\BaseBuilder.php(1771): CodeIgniter\Database\BaseConnection->query('INSERT INTO `tb...', Array, false)
#4 D:\xampp\htdocs\app_cafe_irhab\vendor\codeigniter4\framework\system\Model.php(239): CodeIgniter\Database\BaseBuilder->insert()
#5 D:\xampp\htdocs\app_cafe_irhab\vendor\codeigniter4\framework\system\BaseModel.php(738): CodeIgniter\Model->doInsert(Array)
#6 D:\xampp\htdocs\app_cafe_irhab\vendor\codeigniter4\framework\system\Model.php(625): CodeIgniter\BaseModel->insert(Array, true)
#7 D:\xampp\htdocs\app_cafe_irhab\app\Controllers\MenuController.php(24): CodeIgniter\Model->insert(Array)
#8 D:\xampp\htdocs\app_cafe_irhab\vendor\codeigniter4\framework\system\CodeIgniter.php(825): App\Controllers\MenuController->create()
#9 D:\xampp\htdocs\app_cafe_irhab\vendor\codeigniter4\framework\system\CodeIgniter.php(412): CodeIgniter\CodeIgniter->runController(Object(App\Controllers\MenuController))
#10 D:\xampp\htdocs\app_cafe_irhab\vendor\codeigniter4\framework\system\CodeIgniter.php(320): CodeIgniter\CodeIgniter->handleRequest(NULL, Object(Config\Cache), false)
#11 D:\xampp\htdocs\app_cafe_irhab\public\index.php(37): CodeIgniter\CodeIgniter->run()
#12 D:\xampp\htdocs\app_cafe_irhab\vendor\codeigniter4\framework\system\Commands\Server\rewrite.php(43): require_once('D:\\xampp\\htdocs...')
#13 {main}
CRITICAL - 2022-02-22 21:34:00 --> Undefined property: App\Controllers\PesananController::$pesan
#0 D:\xampp\htdocs\app_cafe_irhab\app\Controllers\PesananController.php(14): CodeIgniter\Debug\Exceptions->errorHandler(8, 'Undefined prope...', 'D:\\xampp\\htdocs...', 14, Array)
#1 D:\xampp\htdocs\app_cafe_irhab\vendor\codeigniter4\framework\system\CodeIgniter.php(825): App\Controllers\PesananController->tampil()
#2 D:\xampp\htdocs\app_cafe_irhab\vendor\codeigniter4\framework\system\CodeIgniter.php(412): CodeIgniter\CodeIgniter->runController(Object(App\Controllers\PesananController))
#3 D:\xampp\htdocs\app_cafe_irhab\vendor\codeigniter4\framework\system\CodeIgniter.php(320): CodeIgniter\CodeIgniter->handleRequest(NULL, Object(Config\Cache), false)
#4 D:\xampp\htdocs\app_cafe_irhab\public\index.php(37): CodeIgniter\CodeIgniter->run()
#5 D:\xampp\htdocs\app_cafe_irhab\vendor\codeigniter4\framework\system\Commands\Server\rewrite.php(43): require_once('D:\\xampp\\htdocs...')
#6 {main}
CRITICAL - 2022-02-22 21:43:01 --> Undefined property: App\Controllers\PesananController::$pesan
#0 D:\xampp\htdocs\app_cafe_irhab\app\Controllers\PesananController.php(25): CodeIgniter\Debug\Exceptions->errorHandler(8, 'Undefined prope...', 'D:\\xampp\\htdocs...', 25, Array)
#1 D:\xampp\htdocs\app_cafe_irhab\vendor\codeigniter4\framework\system\CodeIgniter.php(825): App\Controllers\PesananController->tampil()
#2 D:\xampp\htdocs\app_cafe_irhab\vendor\codeigniter4\framework\system\CodeIgniter.php(412): CodeIgniter\CodeIgniter->runController(Object(App\Controllers\PesananController))
#3 D:\xampp\htdocs\app_cafe_irhab\vendor\codeigniter4\framework\system\CodeIgniter.php(320): CodeIgniter\CodeIgniter->handleRequest(NULL, Object(Config\Cache), false)
#4 D:\xampp\htdocs\app_cafe_irhab\public\index.php(37): CodeIgniter\CodeIgniter->run()
#5 D:\xampp\htdocs\app_cafe_irhab\vendor\codeigniter4\framework\system\Commands\Server\rewrite.php(43): require_once('D:\\xampp\\htdocs...')
#6 {main}
CRITICAL - 2022-02-22 21:43:05 --> Undefined property: App\Controllers\PesananController::$pesan
#0 D:\xampp\htdocs\app_cafe_irhab\app\Controllers\PesananController.php(25): CodeIgniter\Debug\Exceptions->errorHandler(8, 'Undefined prope...', 'D:\\xampp\\htdocs...', 25, Array)
#1 D:\xampp\htdocs\app_cafe_irhab\vendor\codeigniter4\framework\system\CodeIgniter.php(825): App\Controllers\PesananController->tampil()
#2 D:\xampp\htdocs\app_cafe_irhab\vendor\codeigniter4\framework\system\CodeIgniter.php(412): CodeIgniter\CodeIgniter->runController(Object(App\Controllers\PesananController))
#3 D:\xampp\htdocs\app_cafe_irhab\vendor\codeigniter4\framework\system\CodeIgniter.php(320): CodeIgniter\CodeIgniter->handleRequest(NULL, Object(Config\Cache), false)
#4 D:\xampp\htdocs\app_cafe_irhab\public\index.php(37): CodeIgniter\CodeIgniter->run()
#5 D:\xampp\htdocs\app_cafe_irhab\vendor\codeigniter4\framework\system\Commands\Server\rewrite.php(43): require_once('D:\\xampp\\htdocs...')
#6 {main}
CRITICAL - 2022-02-22 21:43:09 --> Undefined property: App\Controllers\PesananController::$pesan
#0 D:\xampp\htdocs\app_cafe_irhab\app\Controllers\PesananController.php(25): CodeIgniter\Debug\Exceptions->errorHandler(8, 'Undefined prope...', 'D:\\xampp\\htdocs...', 25, Array)
#1 D:\xampp\htdocs\app_cafe_irhab\vendor\codeigniter4\framework\system\CodeIgniter.php(825): App\Controllers\PesananController->tampil()
#2 D:\xampp\htdocs\app_cafe_irhab\vendor\codeigniter4\framework\system\CodeIgniter.php(412): CodeIgniter\CodeIgniter->runController(Object(App\Controllers\PesananController))
#3 D:\xampp\htdocs\app_cafe_irhab\vendor\codeigniter4\framework\system\CodeIgniter.php(320): CodeIgniter\CodeIgniter->handleRequest(NULL, Object(Config\Cache), false)
#4 D:\xampp\htdocs\app_cafe_irhab\public\index.php(37): CodeIgniter\CodeIgniter->run()
#5 D:\xampp\htdocs\app_cafe_irhab\vendor\codeigniter4\framework\system\Commands\Server\rewrite.php(43): require_once('D:\\xampp\\htdocs...')
#6 {main}
CRITICAL - 2022-02-22 22:00:30 --> Undefined property: App\Controllers\PesananController::$pesan
#0 D:\xampp\htdocs\app_cafe_irhab\app\Controllers\PesananController.php(25): CodeIgniter\Debug\Exceptions->errorHandler(8, 'Undefined prope...', 'D:\\xampp\\htdocs...', 25, Array)
#1 D:\xampp\htdocs\app_cafe_irhab\vendor\codeigniter4\framework\system\CodeIgniter.php(825): App\Controllers\PesananController->tampil()
#2 D:\xampp\htdocs\app_cafe_irhab\vendor\codeigniter4\framework\system\CodeIgniter.php(412): CodeIgniter\CodeIgniter->runController(Object(App\Controllers\PesananController))
#3 D:\xampp\htdocs\app_cafe_irhab\vendor\codeigniter4\framework\system\CodeIgniter.php(320): CodeIgniter\CodeIgniter->handleRequest(NULL, Object(Config\Cache), false)
#4 D:\xampp\htdocs\app_cafe_irhab\public\index.php(37): CodeIgniter\CodeIgniter->run()
#5 D:\xampp\htdocs\app_cafe_irhab\vendor\codeigniter4\framework\system\Commands\Server\rewrite.php(43): require_once('D:\\xampp\\htdocs...')
#6 {main}
CRITICAL - 2022-02-22 22:04:47 --> Undefined property: App\Controllers\PesananController::$pesan
#0 D:\xampp\htdocs\app_cafe_irhab\app\Controllers\PesananController.php(25): CodeIgniter\Debug\Exceptions->errorHandler(8, 'Undefined prope...', 'D:\\xampp\\htdocs...', 25, Array)
#1 D:\xampp\htdocs\app_cafe_irhab\vendor\codeigniter4\framework\system\CodeIgniter.php(825): App\Controllers\PesananController->tampil()
#2 D:\xampp\htdocs\app_cafe_irhab\vendor\codeigniter4\framework\system\CodeIgniter.php(412): CodeIgniter\CodeIgniter->runController(Object(App\Controllers\PesananController))
#3 D:\xampp\htdocs\app_cafe_irhab\vendor\codeigniter4\framework\system\CodeIgniter.php(320): CodeIgniter\CodeIgniter->handleRequest(NULL, Object(Config\Cache), false)
#4 D:\xampp\htdocs\app_cafe_irhab\public\index.php(37): CodeIgniter\CodeIgniter->run()
#5 D:\xampp\htdocs\app_cafe_irhab\vendor\codeigniter4\framework\system\Commands\Server\rewrite.php(43): require_once('D:\\xampp\\htdocs...')
#6 {main}
CRITICAL - 2022-02-22 22:06:24 --> Undefined property: App\Controllers\PesananController::$pesan
#0 D:\xampp\htdocs\app_cafe_irhab\app\Controllers\PesananController.php(25): CodeIgniter\Debug\Exceptions->errorHandler(8, 'Undefined prope...', 'D:\\xampp\\htdocs...', 25, Array)
#1 D:\xampp\htdocs\app_cafe_irhab\vendor\codeigniter4\framework\system\CodeIgniter.php(825): App\Controllers\PesananController->tampil()
#2 D:\xampp\htdocs\app_cafe_irhab\vendor\codeigniter4\framework\system\CodeIgniter.php(412): CodeIgniter\CodeIgniter->runController(Object(App\Controllers\PesananController))
#3 D:\xampp\htdocs\app_cafe_irhab\vendor\codeigniter4\framework\system\CodeIgniter.php(320): CodeIgniter\CodeIgniter->handleRequest(NULL, Object(Config\Cache), false)
#4 D:\xampp\htdocs\app_cafe_irhab\public\index.php(37): CodeIgniter\CodeIgniter->run()
#5 D:\xampp\htdocs\app_cafe_irhab\vendor\codeigniter4\framework\system\Commands\Server\rewrite.php(43): require_once('D:\\xampp\\htdocs...')
#6 {main}
CRITICAL - 2022-02-22 22:07:56 --> Undefined variable: val
#0 D:\xampp\htdocs\app_cafe_irhab\app\Views\PesananList.php(10): CodeIgniter\Debug\Exceptions->errorHandler(8, 'Undefined varia...', 'D:\\xampp\\htdocs...', 10, Array)
#1 D:\xampp\htdocs\app_cafe_irhab\vendor\codeigniter4\framework\system\View\View.php(210): include('D:\\xampp\\htdocs...')
#2 D:\xampp\htdocs\app_cafe_irhab\vendor\codeigniter4\framework\system\View\View.php(213): CodeIgniter\View\View->CodeIgniter\View\{closure}()
#3 D:\xampp\htdocs\app_cafe_irhab\vendor\codeigniter4\framework\system\Common.php(1089): CodeIgniter\View\View->render('PesananList', Array, true)
#4 D:\xampp\htdocs\app_cafe_irhab\app\Controllers\PesananController.php(25): view('PesananList')
#5 D:\xampp\htdocs\app_cafe_irhab\vendor\codeigniter4\framework\system\CodeIgniter.php(825): App\Controllers\PesananController->tampil()
#6 D:\xampp\htdocs\app_cafe_irhab\vendor\codeigniter4\framework\system\CodeIgniter.php(412): CodeIgniter\CodeIgniter->runController(Object(App\Controllers\PesananController))
#7 D:\xampp\htdocs\app_cafe_irhab\vendor\codeigniter4\framework\system\CodeIgniter.php(320): CodeIgniter\CodeIgniter->handleRequest(NULL, Object(Config\Cache), false)
#8 D:\xampp\htdocs\app_cafe_irhab\public\index.php(37): CodeIgniter\CodeIgniter->run()
#9 D:\xampp\htdocs\app_cafe_irhab\vendor\codeigniter4\framework\system\Commands\Server\rewrite.php(43): require_once('D:\\xampp\\htdocs...')
#10 {main}
CRITICAL - 2022-02-22 22:22:58 --> syntax error, unexpected end of file
#0 D:\xampp\htdocs\app_cafe_irhab\vendor\codeigniter4\framework\system\View\View.php(213): CodeIgniter\View\View->CodeIgniter\View\{closure}()
#1 D:\xampp\htdocs\app_cafe_irhab\vendor\codeigniter4\framework\system\Common.php(1089): CodeIgniter\View\View->render('PesananList', Array, true)
#2 D:\xampp\htdocs\app_cafe_irhab\app\Controllers\PesananController.php(25): view('PesananList')
#3 D:\xampp\htdocs\app_cafe_irhab\vendor\codeigniter4\framework\system\CodeIgniter.php(825): App\Controllers\PesananController->tampil()
#4 D:\xampp\htdocs\app_cafe_irhab\vendor\codeigniter4\framework\system\CodeIgniter.php(412): CodeIgniter\CodeIgniter->runController(Object(App\Controllers\PesananController))
#5 D:\xampp\htdocs\app_cafe_irhab\vendor\codeigniter4\framework\system\CodeIgniter.php(320): CodeIgniter\CodeIgniter->handleRequest(NULL, Object(Config\Cache), false)
#6 D:\xampp\htdocs\app_cafe_irhab\public\index.php(37): CodeIgniter\CodeIgniter->run()
#7 D:\xampp\htdocs\app_cafe_irhab\vendor\codeigniter4\framework\system\Commands\Server\rewrite.php(43): require_once('D:\\xampp\\htdocs...')
#8 {main}
CRITICAL - 2022-02-22 22:23:25 --> Undefined variable: menu
#0 D:\xampp\htdocs\app_cafe_irhab\app\Views\PesananList.php(10): CodeIgniter\Debug\Exceptions->errorHandler(8, 'Undefined varia...', 'D:\\xampp\\htdocs...', 10, Array)
#1 D:\xampp\htdocs\app_cafe_irhab\vendor\codeigniter4\framework\system\View\View.php(210): include('D:\\xampp\\htdocs...')
#2 D:\xampp\htdocs\app_cafe_irhab\vendor\codeigniter4\framework\system\View\View.php(213): CodeIgniter\View\View->CodeIgniter\View\{closure}()
#3 D:\xampp\htdocs\app_cafe_irhab\vendor\codeigniter4\framework\system\Common.php(1089): CodeIgniter\View\View->render('PesananList', Array, true)
#4 D:\xampp\htdocs\app_cafe_irhab\app\Controllers\PesananController.php(25): view('PesananList')
#5 D:\xampp\htdocs\app_cafe_irhab\vendor\codeigniter4\framework\system\CodeIgniter.php(825): App\Controllers\PesananController->tampil()
#6 D:\xampp\htdocs\app_cafe_irhab\vendor\codeigniter4\framework\system\CodeIgniter.php(412): CodeIgniter\CodeIgniter->runController(Object(App\Controllers\PesananController))
#7 D:\xampp\htdocs\app_cafe_irhab\vendor\codeigniter4\framework\system\CodeIgniter.php(320): CodeIgniter\CodeIgniter->handleRequest(NULL, Object(Config\Cache), false)
#8 D:\xampp\htdocs\app_cafe_irhab\public\index.php(37): CodeIgniter\CodeIgniter->run()
#9 D:\xampp\htdocs\app_cafe_irhab\vendor\codeigniter4\framework\system\Commands\Server\rewrite.php(43): require_once('D:\\xampp\\htdocs...')
#10 {main}
CRITICAL - 2022-02-22 22:23:42 --> Undefined variable: menus
#0 D:\xampp\htdocs\app_cafe_irhab\app\Views\PesananList.php(10): CodeIgniter\Debug\Exceptions->errorHandler(8, 'Undefined varia...', 'D:\\xampp\\htdocs...', 10, Array)
#1 D:\xampp\htdocs\app_cafe_irhab\vendor\codeigniter4\framework\system\View\View.php(210): include('D:\\xampp\\htdocs...')
#2 D:\xampp\htdocs\app_cafe_irhab\vendor\codeigniter4\framework\system\View\View.php(213): CodeIgniter\View\View->CodeIgniter\View\{closure}()
#3 D:\xampp\htdocs\app_cafe_irhab\vendor\codeigniter4\framework\system\Common.php(1089): CodeIgniter\View\View->render('PesananList', Array, true)
#4 D:\xampp\htdocs\app_cafe_irhab\app\Controllers\PesananController.php(25): view('PesananList')
#5 D:\xampp\htdocs\app_cafe_irhab\vendor\codeigniter4\framework\system\CodeIgniter.php(825): App\Controllers\PesananController->tampil()
#6 D:\xampp\htdocs\app_cafe_irhab\vendor\codeigniter4\framework\system\CodeIgniter.php(412): CodeIgniter\CodeIgniter->runController(Object(App\Controllers\PesananController))
#7 D:\xampp\htdocs\app_cafe_irhab\vendor\codeigniter4\framework\system\CodeIgniter.php(320): CodeIgniter\CodeIgniter->handleRequest(NULL, Object(Config\Cache), false)
#8 D:\xampp\htdocs\app_cafe_irhab\public\index.php(37): CodeIgniter\CodeIgniter->run()
#9 D:\xampp\htdocs\app_cafe_irhab\vendor\codeigniter4\framework\system\Commands\Server\rewrite.php(43): require_once('D:\\xampp\\htdocs...')
#10 {main}
CRITICAL - 2022-02-22 22:25:40 --> Undefined variable: menus
#0 D:\xampp\htdocs\app_cafe_irhab\app\Views\PesananList.php(10): CodeIgniter\Debug\Exceptions->errorHandler(8, 'Undefined varia...', 'D:\\xampp\\htdocs...', 10, Array)
#1 D:\xampp\htdocs\app_cafe_irhab\vendor\codeigniter4\framework\system\View\View.php(210): include('D:\\xampp\\htdocs...')
#2 D:\xampp\htdocs\app_cafe_irhab\vendor\codeigniter4\framework\system\View\View.php(213): CodeIgniter\View\View->CodeIgniter\View\{closure}()
#3 D:\xampp\htdocs\app_cafe_irhab\vendor\codeigniter4\framework\system\Common.php(1089): CodeIgniter\View\View->render('PesananList', Array, true)
#4 D:\xampp\htdocs\app_cafe_irhab\app\Controllers\PesananController.php(25): view('PesananList')
#5 D:\xampp\htdocs\app_cafe_irhab\vendor\codeigniter4\framework\system\CodeIgniter.php(825): App\Controllers\PesananController->tampil()
#6 D:\xampp\htdocs\app_cafe_irhab\vendor\codeigniter4\framework\system\CodeIgniter.php(412): CodeIgniter\CodeIgniter->runController(Object(App\Controllers\PesananController))
#7 D:\xampp\htdocs\app_cafe_irhab\vendor\codeigniter4\framework\system\CodeIgniter.php(320): CodeIgniter\CodeIgniter->handleRequest(NULL, Object(Config\Cache), false)
#8 D:\xampp\htdocs\app_cafe_irhab\public\index.php(37): CodeIgniter\CodeIgniter->run()
#9 D:\xampp\htdocs\app_cafe_irhab\vendor\codeigniter4\framework\system\Commands\Server\rewrite.php(43): require_once('D:\\xampp\\htdocs...')
#10 {main}
CRITICAL - 2022-02-22 22:28:49 --> Undefined variable: menus
#0 D:\xampp\htdocs\app_cafe_irhab\app\Views\PesananList.php(10): CodeIgniter\Debug\Exceptions->errorHandler(8, 'Undefined varia...', 'D:\\xampp\\htdocs...', 10, Array)
#1 D:\xampp\htdocs\app_cafe_irhab\vendor\codeigniter4\framework\system\View\View.php(210): include('D:\\xampp\\htdocs...')
#2 D:\xampp\htdocs\app_cafe_irhab\vendor\codeigniter4\framework\system\View\View.php(213): CodeIgniter\View\View->CodeIgniter\View\{closure}()
#3 D:\xampp\htdocs\app_cafe_irhab\vendor\codeigniter4\framework\system\Common.php(1089): CodeIgniter\View\View->render('PesananList', Array, true)
#4 D:\xampp\htdocs\app_cafe_irhab\app\Controllers\PesananController.php(25): view('PesananList')
#5 D:\xampp\htdocs\app_cafe_irhab\vendor\codeigniter4\framework\system\CodeIgniter.php(825): App\Controllers\PesananController->tampil()
#6 D:\xampp\htdocs\app_cafe_irhab\vendor\codeigniter4\framework\system\CodeIgniter.php(412): CodeIgniter\CodeIgniter->runController(Object(App\Controllers\PesananController))
#7 D:\xampp\htdocs\app_cafe_irhab\vendor\codeigniter4\framework\system\CodeIgniter.php(320): CodeIgniter\CodeIgniter->handleRequest(NULL, Object(Config\Cache), false)
#8 D:\xampp\htdocs\app_cafe_irhab\public\index.php(37): CodeIgniter\CodeIgniter->run()
#9 D:\xampp\htdocs\app_cafe_irhab\vendor\codeigniter4\framework\system\Commands\Server\rewrite.php(43): require_once('D:\\xampp\\htdocs...')
#10 {main}
CRITICAL - 2022-02-22 22:29:39 --> Undefined variable: menus
#0 D:\xampp\htdocs\app_cafe_irhab\app\Views\PesananList.php(10): CodeIgniter\Debug\Exceptions->errorHandler(8, 'Undefined varia...', 'D:\\xampp\\htdocs...', 10, Array)
#1 D:\xampp\htdocs\app_cafe_irhab\vendor\codeigniter4\framework\system\View\View.php(210): include('D:\\xampp\\htdocs...')
#2 D:\xampp\htdocs\app_cafe_irhab\vendor\codeigniter4\framework\system\View\View.php(213): CodeIgniter\View\View->CodeIgniter\View\{closure}()
#3 D:\xampp\htdocs\app_cafe_irhab\vendor\codeigniter4\framework\system\Common.php(1089): CodeIgniter\View\View->render('PesananList', Array, true)
#4 D:\xampp\htdocs\app_cafe_irhab\app\Controllers\PesananController.php(25): view('PesananList')
#5 D:\xampp\htdocs\app_cafe_irhab\vendor\codeigniter4\framework\system\CodeIgniter.php(825): App\Controllers\PesananController->tampil()
#6 D:\xampp\htdocs\app_cafe_irhab\vendor\codeigniter4\framework\system\CodeIgniter.php(412): CodeIgniter\CodeIgniter->runController(Object(App\Controllers\PesananController))
#7 D:\xampp\htdocs\app_cafe_irhab\vendor\codeigniter4\framework\system\CodeIgniter.php(320): CodeIgniter\CodeIgniter->handleRequest(NULL, Object(Config\Cache), false)
#8 D:\xampp\htdocs\app_cafe_irhab\public\index.php(37): CodeIgniter\CodeIgniter->run()
#9 D:\xampp\htdocs\app_cafe_irhab\vendor\codeigniter4\framework\system\Commands\Server\rewrite.php(43): require_once('D:\\xampp\\htdocs...')
#10 {main}
CRITICAL - 2022-02-22 22:30:26 --> Undefined variable: menus
#0 D:\xampp\htdocs\app_cafe_irhab\app\Views\PesananList.php(10): CodeIgniter\Debug\Exceptions->errorHandler(8, 'Undefined varia...', 'D:\\xampp\\htdocs...', 10, Array)
#1 D:\xampp\htdocs\app_cafe_irhab\vendor\codeigniter4\framework\system\View\View.php(210): include('D:\\xampp\\htdocs...')
#2 D:\xampp\htdocs\app_cafe_irhab\vendor\codeigniter4\framework\system\View\View.php(213): CodeIgniter\View\View->CodeIgniter\View\{closure}()
#3 D:\xampp\htdocs\app_cafe_irhab\vendor\codeigniter4\framework\system\Common.php(1089): CodeIgniter\View\View->render('PesananList', Array, true)
#4 D:\xampp\htdocs\app_cafe_irhab\app\Controllers\PesananController.php(25): view('PesananList')
#5 D:\xampp\htdocs\app_cafe_irhab\vendor\codeigniter4\framework\system\CodeIgniter.php(825): App\Controllers\PesananController->tampil()
#6 D:\xampp\htdocs\app_cafe_irhab\vendor\codeigniter4\framework\system\CodeIgniter.php(412): CodeIgniter\CodeIgniter->runController(Object(App\Controllers\PesananController))
#7 D:\xampp\htdocs\app_cafe_irhab\vendor\codeigniter4\framework\system\CodeIgniter.php(320): CodeIgniter\CodeIgniter->handleRequest(NULL, Object(Config\Cache), false)
#8 D:\xampp\htdocs\app_cafe_irhab\public\index.php(37): CodeIgniter\CodeIgniter->run()
#9 D:\xampp\htdocs\app_cafe_irhab\vendor\codeigniter4\framework\system\Commands\Server\rewrite.php(43): require_once('D:\\xampp\\htdocs...')
#10 {main}
CRITICAL - 2022-02-22 22:30:28 --> Undefined variable: menus
#0 D:\xampp\htdocs\app_cafe_irhab\app\Views\PesananList.php(10): CodeIgniter\Debug\Exceptions->errorHandler(8, 'Undefined varia...', 'D:\\xampp\\htdocs...', 10, Array)
#1 D:\xampp\htdocs\app_cafe_irhab\vendor\codeigniter4\framework\system\View\View.php(210): include('D:\\xampp\\htdocs...')
#2 D:\xampp\htdocs\app_cafe_irhab\vendor\codeigniter4\framework\system\View\View.php(213): CodeIgniter\View\View->CodeIgniter\View\{closure}()
#3 D:\xampp\htdocs\app_cafe_irhab\vendor\codeigniter4\framework\system\Common.php(1089): CodeIgniter\View\View->render('PesananList', Array, true)
#4 D:\xampp\htdocs\app_cafe_irhab\app\Controllers\PesananController.php(25): view('PesananList')
#5 D:\xampp\htdocs\app_cafe_irhab\vendor\codeigniter4\framework\system\CodeIgniter.php(825): App\Controllers\PesananController->tampil()
#6 D:\xampp\htdocs\app_cafe_irhab\vendor\codeigniter4\framework\system\CodeIgniter.php(412): CodeIgniter\CodeIgniter->runController(Object(App\Controllers\PesananController))
#7 D:\xampp\htdocs\app_cafe_irhab\vendor\codeigniter4\framework\system\CodeIgniter.php(320): CodeIgniter\CodeIgniter->handleRequest(NULL, Object(Config\Cache), false)
#8 D:\xampp\htdocs\app_cafe_irhab\public\index.php(37): CodeIgniter\CodeIgniter->run()
#9 D:\xampp\htdocs\app_cafe_irhab\vendor\codeigniter4\framework\system\Commands\Server\rewrite.php(43): require_once('D:\\xampp\\htdocs...')
#10 {main}
CRITICAL - 2022-02-22 22:30:30 --> Undefined variable: menus
#0 D:\xampp\htdocs\app_cafe_irhab\app\Views\PesananList.php(10): CodeIgniter\Debug\Exceptions->errorHandler(8, 'Undefined varia...', 'D:\\xampp\\htdocs...', 10, Array)
#1 D:\xampp\htdocs\app_cafe_irhab\vendor\codeigniter4\framework\system\View\View.php(210): include('D:\\xampp\\htdocs...')
#2 D:\xampp\htdocs\app_cafe_irhab\vendor\codeigniter4\framework\system\View\View.php(213): CodeIgniter\View\View->CodeIgniter\View\{closure}()
#3 D:\xampp\htdocs\app_cafe_irhab\vendor\codeigniter4\framework\system\Common.php(1089): CodeIgniter\View\View->render('PesananList', Array, true)
#4 D:\xampp\htdocs\app_cafe_irhab\app\Controllers\PesananController.php(25): view('PesananList')
#5 D:\xampp\htdocs\app_cafe_irhab\vendor\codeigniter4\framework\system\CodeIgniter.php(825): App\Controllers\PesananController->tampil()
#6 D:\xampp\htdocs\app_cafe_irhab\vendor\codeigniter4\framework\system\CodeIgniter.php(412): CodeIgniter\CodeIgniter->runController(Object(App\Controllers\PesananController))
#7 D:\xampp\htdocs\app_cafe_irhab\vendor\codeigniter4\framework\system\CodeIgniter.php(320): CodeIgniter\CodeIgniter->handleRequest(NULL, Object(Config\Cache), false)
#8 D:\xampp\htdocs\app_cafe_irhab\public\index.php(37): CodeIgniter\CodeIgniter->run()
#9 D:\xampp\htdocs\app_cafe_irhab\vendor\codeigniter4\framework\system\Commands\Server\rewrite.php(43): require_once('D:\\xampp\\htdocs...')
#10 {main}
CRITICAL - 2022-02-22 22:33:07 --> Undefined variable: menus
#0 D:\xampp\htdocs\app_cafe_irhab\app\Views\PesananList.php(10): CodeIgniter\Debug\Exceptions->errorHandler(8, 'Undefined varia...', 'D:\\xampp\\htdocs...', 10, Array)
#1 D:\xampp\htdocs\app_cafe_irhab\vendor\codeigniter4\framework\system\View\View.php(210): include('D:\\xampp\\htdocs...')
#2 D:\xampp\htdocs\app_cafe_irhab\vendor\codeigniter4\framework\system\View\View.php(213): CodeIgniter\View\View->CodeIgniter\View\{closure}()
#3 D:\xampp\htdocs\app_cafe_irhab\vendor\codeigniter4\framework\system\Common.php(1089): CodeIgniter\View\View->render('PesananList', Array, true)
#4 D:\xampp\htdocs\app_cafe_irhab\app\Controllers\PesananController.php(25): view('PesananList')
#5 D:\xampp\htdocs\app_cafe_irhab\vendor\codeigniter4\framework\system\CodeIgniter.php(825): App\Controllers\PesananController->tampil()
#6 D:\xampp\htdocs\app_cafe_irhab\vendor\codeigniter4\framework\system\CodeIgniter.php(412): CodeIgniter\CodeIgniter->runController(Object(App\Controllers\PesananController))
#7 D:\xampp\htdocs\app_cafe_irhab\vendor\codeigniter4\framework\system\CodeIgniter.php(320): CodeIgniter\CodeIgniter->handleRequest(NULL, Object(Config\Cache), false)
#8 D:\xampp\htdocs\app_cafe_irhab\public\index.php(37): CodeIgniter\CodeIgniter->run()
#9 D:\xampp\htdocs\app_cafe_irhab\vendor\codeigniter4\framework\system\Commands\Server\rewrite.php(43): require_once('D:\\xampp\\htdocs...')
#10 {main}
CRITICAL - 2022-02-22 22:33:15 --> Undefined variable: menus
#0 D:\xampp\htdocs\app_cafe_irhab\app\Views\PesananList.php(10): CodeIgniter\Debug\Exceptions->errorHandler(8, 'Undefined varia...', 'D:\\xampp\\htdocs...', 10, Array)
#1 D:\xampp\htdocs\app_cafe_irhab\vendor\codeigniter4\framework\system\View\View.php(210): include('D:\\xampp\\htdocs...')
#2 D:\xampp\htdocs\app_cafe_irhab\vendor\codeigniter4\framework\system\View\View.php(213): CodeIgniter\View\View->CodeIgniter\View\{closure}()
#3 D:\xampp\htdocs\app_cafe_irhab\vendor\codeigniter4\framework\system\Common.php(1089): CodeIgniter\View\View->render('PesananList', Array, true)
#4 D:\xampp\htdocs\app_cafe_irhab\app\Controllers\PesananController.php(26): view('PesananList')
#5 D:\xampp\htdocs\app_cafe_irhab\vendor\codeigniter4\framework\system\CodeIgniter.php(825): App\Controllers\PesananController->tampil()
#6 D:\xampp\htdocs\app_cafe_irhab\vendor\codeigniter4\framework\system\CodeIgniter.php(412): CodeIgniter\CodeIgniter->runController(Object(App\Controllers\PesananController))
#7 D:\xampp\htdocs\app_cafe_irhab\vendor\codeigniter4\framework\system\CodeIgniter.php(320): CodeIgniter\CodeIgniter->handleRequest(NULL, Object(Config\Cache), false)
#8 D:\xampp\htdocs\app_cafe_irhab\public\index.php(37): CodeIgniter\CodeIgniter->run()
#9 D:\xampp\htdocs\app_cafe_irhab\vendor\codeigniter4\framework\system\Commands\Server\rewrite.php(43): require_once('D:\\xampp\\htdocs...')
#10 {main}
CRITICAL - 2022-02-22 22:33:17 --> Undefined variable: menus
#0 D:\xampp\htdocs\app_cafe_irhab\app\Views\PesananList.php(10): CodeIgniter\Debug\Exceptions->errorHandler(8, 'Undefined varia...', 'D:\\xampp\\htdocs...', 10, Array)
#1 D:\xampp\htdocs\app_cafe_irhab\vendor\codeigniter4\framework\system\View\View.php(210): include('D:\\xampp\\htdocs...')
#2 D:\xampp\htdocs\app_cafe_irhab\vendor\codeigniter4\framework\system\View\View.php(213): CodeIgniter\View\View->CodeIgniter\View\{closure}()
#3 D:\xampp\htdocs\app_cafe_irhab\vendor\codeigniter4\framework\system\Common.php(1089): CodeIgniter\View\View->render('PesananList', Array, true)
#4 D:\xampp\htdocs\app_cafe_irhab\app\Controllers\PesananController.php(26): view('PesananList')
#5 D:\xampp\htdocs\app_cafe_irhab\vendor\codeigniter4\framework\system\CodeIgniter.php(825): App\Controllers\PesananController->tampil()
#6 D:\xampp\htdocs\app_cafe_irhab\vendor\codeigniter4\framework\system\CodeIgniter.php(412): CodeIgniter\CodeIgniter->runController(Object(App\Controllers\PesananController))
#7 D:\xampp\htdocs\app_cafe_irhab\vendor\codeigniter4\framework\system\CodeIgniter.php(320): CodeIgniter\CodeIgniter->handleRequest(NULL, Object(Config\Cache), false)
#8 D:\xampp\htdocs\app_cafe_irhab\public\index.php(37): CodeIgniter\CodeIgniter->run()
#9 D:\xampp\htdocs\app_cafe_irhab\vendor\codeigniter4\framework\system\Commands\Server\rewrite.php(43): require_once('D:\\xampp\\htdocs...')
#10 {main}
CRITICAL - 2022-02-22 22:37:05 --> syntax error, unexpected 'endforeach' (T_ENDFOREACH), expecting end of file
#0 D:\xampp\htdocs\app_cafe_irhab\vendor\codeigniter4\framework\system\View\View.php(213): CodeIgniter\View\View->CodeIgniter\View\{closure}()
#1 D:\xampp\htdocs\app_cafe_irhab\vendor\codeigniter4\framework\system\Common.php(1089): CodeIgniter\View\View->render('PesananList', Array, true)
#2 D:\xampp\htdocs\app_cafe_irhab\app\Controllers\PesananController.php(26): view('PesananList')
#3 D:\xampp\htdocs\app_cafe_irhab\vendor\codeigniter4\framework\system\CodeIgniter.php(825): App\Controllers\PesananController->tampil()
#4 D:\xampp\htdocs\app_cafe_irhab\vendor\codeigniter4\framework\system\CodeIgniter.php(412): CodeIgniter\CodeIgniter->runController(Object(App\Controllers\PesananController))
#5 D:\xampp\htdocs\app_cafe_irhab\vendor\codeigniter4\framework\system\CodeIgniter.php(320): CodeIgniter\CodeIgniter->handleRequest(NULL, Object(Config\Cache), false)
#6 D:\xampp\htdocs\app_cafe_irhab\public\index.php(37): CodeIgniter\CodeIgniter->run()
#7 D:\xampp\htdocs\app_cafe_irhab\vendor\codeigniter4\framework\system\Commands\Server\rewrite.php(43): require_once('D:\\xampp\\htdocs...')
#8 {main}
CRITICAL - 2022-02-22 22:37:12 --> Undefined variable: val
#0 D:\xampp\htdocs\app_cafe_irhab\app\Views\PesananList.php(13): CodeIgniter\Debug\Exceptions->errorHandler(8, 'Undefined varia...', 'D:\\xampp\\htdocs...', 13, Array)
#1 D:\xampp\htdocs\app_cafe_irhab\vendor\codeigniter4\framework\system\View\View.php(210): include('D:\\xampp\\htdocs...')
#2 D:\xampp\htdocs\app_cafe_irhab\vendor\codeigniter4\framework\system\View\View.php(213): CodeIgniter\View\View->CodeIgniter\View\{closure}()
#3 D:\xampp\htdocs\app_cafe_irhab\vendor\codeigniter4\framework\system\Common.php(1089): CodeIgniter\View\View->render('PesananList', Array, true)
#4 D:\xampp\htdocs\app_cafe_irhab\app\Controllers\PesananController.php(26): view('PesananList')
#5 D:\xampp\htdocs\app_cafe_irhab\vendor\codeigniter4\framework\system\CodeIgniter.php(825): App\Controllers\PesananController->tampil()
#6 D:\xampp\htdocs\app_cafe_irhab\vendor\codeigniter4\framework\system\CodeIgniter.php(412): CodeIgniter\CodeIgniter->runController(Object(App\Controllers\PesananController))
#7 D:\xampp\htdocs\app_cafe_irhab\vendor\codeigniter4\framework\system\CodeIgniter.php(320): CodeIgniter\CodeIgniter->handleRequest(NULL, Object(Config\Cache), false)
#8 D:\xampp\htdocs\app_cafe_irhab\public\index.php(37): CodeIgniter\CodeIgniter->run()
#9 D:\xampp\htdocs\app_cafe_irhab\vendor\codeigniter4\framework\system\Commands\Server\rewrite.php(43): require_once('D:\\xampp\\htdocs...')
#10 {main}
CRITICAL - 2022-02-22 23:50:11 --> Undefined variable: menus
#0 D:\xampp\htdocs\app_cafe_irhab\app\Views\PesananList.php(10): CodeIgniter\Debug\Exceptions->errorHandler(8, 'Undefined varia...', 'D:\\xampp\\htdocs...', 10, Array)
#1 D:\xampp\htdocs\app_cafe_irhab\vendor\codeigniter4\framework\system\View\View.php(210): include('D:\\xampp\\htdocs...')
#2 D:\xampp\htdocs\app_cafe_irhab\vendor\codeigniter4\framework\system\View\View.php(213): CodeIgniter\View\View->CodeIgniter\View\{closure}()
#3 D:\xampp\htdocs\app_cafe_irhab\vendor\codeigniter4\framework\system\Common.php(1089): CodeIgniter\View\View->render('PesananList', Array, true)
#4 D:\xampp\htdocs\app_cafe_irhab\app\Controllers\PesananController.php(26): view('PesananList')
#5 D:\xampp\htdocs\app_cafe_irhab\vendor\codeigniter4\framework\system\CodeIgniter.php(825): App\Controllers\PesananController->tampil()
#6 D:\xampp\htdocs\app_cafe_irhab\vendor\codeigniter4\framework\system\CodeIgniter.php(412): CodeIgniter\CodeIgniter->runController(Object(App\Controllers\PesananController))
#7 D:\xampp\htdocs\app_cafe_irhab\vendor\codeigniter4\framework\system\CodeIgniter.php(320): CodeIgniter\CodeIgniter->handleRequest(NULL, Object(Config\Cache), false)
#8 D:\xampp\htdocs\app_cafe_irhab\public\index.php(37): CodeIgniter\CodeIgniter->run()
#9 D:\xampp\htdocs\app_cafe_irhab\vendor\codeigniter4\framework\system\Commands\Server\rewrite.php(43): require_once('D:\\xampp\\htdocs...')
#10 {main}
CRITICAL - 2022-02-22 23:50:35 --> syntax error, unexpected '=>' (T_DOUBLE_ARROW)
#0 D:\xampp\htdocs\app_cafe_irhab\vendor\codeigniter4\framework\system\View\View.php(213): CodeIgniter\View\View->CodeIgniter\View\{closure}()
#1 D:\xampp\htdocs\app_cafe_irhab\vendor\codeigniter4\framework\system\Common.php(1089): CodeIgniter\View\View->render('PesananList', Array, true)
#2 D:\xampp\htdocs\app_cafe_irhab\app\Controllers\PesananController.php(26): view('PesananList')
#3 D:\xampp\htdocs\app_cafe_irhab\vendor\codeigniter4\framework\system\CodeIgniter.php(825): App\Controllers\PesananController->tampil()
#4 D:\xampp\htdocs\app_cafe_irhab\vendor\codeigniter4\framework\system\CodeIgniter.php(412): CodeIgniter\CodeIgniter->runController(Object(App\Controllers\PesananController))
#5 D:\xampp\htdocs\app_cafe_irhab\vendor\codeigniter4\framework\system\CodeIgniter.php(320): CodeIgniter\CodeIgniter->handleRequest(NULL, Object(Config\Cache), false)
#6 D:\xampp\htdocs\app_cafe_irhab\public\index.php(37): CodeIgniter\CodeIgniter->run()
#7 D:\xampp\htdocs\app_cafe_irhab\vendor\codeigniter4\framework\system\Commands\Server\rewrite.php(43): require_once('D:\\xampp\\htdocs...')
#8 {main}
CRITICAL - 2022-02-22 23:50:45 --> Undefined variable: menus
#0 D:\xampp\htdocs\app_cafe_irhab\app\Views\PesananList.php(10): CodeIgniter\Debug\Exceptions->errorHandler(8, 'Undefined varia...', 'D:\\xampp\\htdocs...', 10, Array)
#1 D:\xampp\htdocs\app_cafe_irhab\vendor\codeigniter4\framework\system\View\View.php(210): include('D:\\xampp\\htdocs...')
#2 D:\xampp\htdocs\app_cafe_irhab\vendor\codeigniter4\framework\system\View\View.php(213): CodeIgniter\View\View->CodeIgniter\View\{closure}()
#3 D:\xampp\htdocs\app_cafe_irhab\vendor\codeigniter4\framework\system\Common.php(1089): CodeIgniter\View\View->render('PesananList', Array, true)
#4 D:\xampp\htdocs\app_cafe_irhab\app\Controllers\PesananController.php(26): view('PesananList')
#5 D:\xampp\htdocs\app_cafe_irhab\vendor\codeigniter4\framework\system\CodeIgniter.php(825): App\Controllers\PesananController->tampil()
#6 D:\xampp\htdocs\app_cafe_irhab\vendor\codeigniter4\framework\system\CodeIgniter.php(412): CodeIgniter\CodeIgniter->runController(Object(App\Controllers\PesananController))
#7 D:\xampp\htdocs\app_cafe_irhab\vendor\codeigniter4\framework\system\CodeIgniter.php(320): CodeIgniter\CodeIgniter->handleRequest(NULL, Object(Config\Cache), false)
#8 D:\xampp\htdocs\app_cafe_irhab\public\index.php(37): CodeIgniter\CodeIgniter->run()
#9 D:\xampp\htdocs\app_cafe_irhab\vendor\codeigniter4\framework\system\Commands\Server\rewrite.php(43): require_once('D:\\xampp\\htdocs...')
#10 {main}
