CRITICAL - 2022-02-20 20:51:07 --> syntax error, unexpected end of file
#0 D:\xampp\htdocs\app_cafe_irhab\vendor\codeigniter4\framework\system\View\View.php(213): CodeIgniter\View\View->CodeIgniter\View\{closure}()
#1 D:\xampp\htdocs\app_cafe_irhab\vendor\codeigniter4\framework\system\Common.php(1089): CodeIgniter\View\View->render('dashboard', Array, true)
#2 D:\xampp\htdocs\app_cafe_irhab\app\Controllers\Home.php(14): view('dashboard')
#3 D:\xampp\htdocs\app_cafe_irhab\vendor\codeigniter4\framework\system\CodeIgniter.php(825): App\Controllers\Home->dashboard()
#4 D:\xampp\htdocs\app_cafe_irhab\vendor\codeigniter4\framework\system\CodeIgniter.php(412): CodeIgniter\CodeIgniter->runController(Object(App\Controllers\Home))
#5 D:\xampp\htdocs\app_cafe_irhab\vendor\codeigniter4\framework\system\CodeIgniter.php(320): CodeIgniter\CodeIgniter->handleRequest(NULL, Object(Config\Cache), false)
#6 D:\xampp\htdocs\app_cafe_irhab\public\index.php(37): CodeIgniter\CodeIgniter->run()
#7 D:\xampp\htdocs\app_cafe_irhab\vendor\codeigniter4\framework\system\Commands\Server\rewrite.php(43): require_once('D:\\xampp\\htdocs...')
#8 {main}
CRITICAL - 2022-02-20 21:01:55 --> Call to undefined method CodeIgniter\View\View::extends()
#0 D:\xampp\htdocs\app_cafe_irhab\vendor\codeigniter4\framework\system\View\View.php(210): include()
#1 D:\xampp\htdocs\app_cafe_irhab\vendor\codeigniter4\framework\system\View\View.php(213): CodeIgniter\View\View->CodeIgniter\View\{closure}()
#2 D:\xampp\htdocs\app_cafe_irhab\vendor\codeigniter4\framework\system\Common.php(1089): CodeIgniter\View\View->render('dashboard', Array, true)
#3 D:\xampp\htdocs\app_cafe_irhab\app\Controllers\Home.php(14): view('dashboard')
#4 D:\xampp\htdocs\app_cafe_irhab\vendor\codeigniter4\framework\system\CodeIgniter.php(825): App\Controllers\Home->dashboard()
#5 D:\xampp\htdocs\app_cafe_irhab\vendor\codeigniter4\framework\system\CodeIgniter.php(412): CodeIgniter\CodeIgniter->runController(Object(App\Controllers\Home))
#6 D:\xampp\htdocs\app_cafe_irhab\vendor\codeigniter4\framework\system\CodeIgniter.php(320): CodeIgniter\CodeIgniter->handleRequest(NULL, Object(Config\Cache), false)
#7 D:\xampp\htdocs\app_cafe_irhab\public\index.php(37): CodeIgniter\CodeIgniter->run()
#8 D:\xampp\htdocs\app_cafe_irhab\vendor\codeigniter4\framework\system\Commands\Server\rewrite.php(43): require_once('D:\\xampp\\htdocs...')
#9 {main}
CRITICAL - 2022-02-20 21:02:20 --> Call to undefined method CodeIgniter\View\View::extends()
#0 D:\xampp\htdocs\app_cafe_irhab\vendor\codeigniter4\framework\system\View\View.php(210): include()
#1 D:\xampp\htdocs\app_cafe_irhab\vendor\codeigniter4\framework\system\View\View.php(213): CodeIgniter\View\View->CodeIgniter\View\{closure}()
#2 D:\xampp\htdocs\app_cafe_irhab\vendor\codeigniter4\framework\system\Common.php(1089): CodeIgniter\View\View->render('dashboard', Array, true)
#3 D:\xampp\htdocs\app_cafe_irhab\app\Controllers\Home.php(14): view('dashboard')
#4 D:\xampp\htdocs\app_cafe_irhab\vendor\codeigniter4\framework\system\CodeIgniter.php(825): App\Controllers\Home->dashboard()
#5 D:\xampp\htdocs\app_cafe_irhab\vendor\codeigniter4\framework\system\CodeIgniter.php(412): CodeIgniter\CodeIgniter->runController(Object(App\Controllers\Home))
#6 D:\xampp\htdocs\app_cafe_irhab\vendor\codeigniter4\framework\system\CodeIgniter.php(320): CodeIgniter\CodeIgniter->handleRequest(NULL, Object(Config\Cache), false)
#7 D:\xampp\htdocs\app_cafe_irhab\public\index.php(37): CodeIgniter\CodeIgniter->run()
#8 D:\xampp\htdocs\app_cafe_irhab\vendor\codeigniter4\framework\system\Commands\Server\rewrite.php(43): require_once('D:\\xampp\\htdocs...')
#9 {main}
CRITICAL - 2022-02-20 21:02:34 --> Call to undefined method CodeIgniter\View\View::extends()
#0 D:\xampp\htdocs\app_cafe_irhab\vendor\codeigniter4\framework\system\View\View.php(210): include()
#1 D:\xampp\htdocs\app_cafe_irhab\vendor\codeigniter4\framework\system\View\View.php(213): CodeIgniter\View\View->CodeIgniter\View\{closure}()
#2 D:\xampp\htdocs\app_cafe_irhab\vendor\codeigniter4\framework\system\Common.php(1089): CodeIgniter\View\View->render('dashboard', Array, true)
#3 D:\xampp\htdocs\app_cafe_irhab\app\Controllers\Home.php(14): view('dashboard')
#4 D:\xampp\htdocs\app_cafe_irhab\vendor\codeigniter4\framework\system\CodeIgniter.php(825): App\Controllers\Home->dashboard()
#5 D:\xampp\htdocs\app_cafe_irhab\vendor\codeigniter4\framework\system\CodeIgniter.php(412): CodeIgniter\CodeIgniter->runController(Object(App\Controllers\Home))
#6 D:\xampp\htdocs\app_cafe_irhab\vendor\codeigniter4\framework\system\CodeIgniter.php(320): CodeIgniter\CodeIgniter->handleRequest(NULL, Object(Config\Cache), false)
#7 D:\xampp\htdocs\app_cafe_irhab\public\index.php(37): CodeIgniter\CodeIgniter->run()
#8 D:\xampp\htdocs\app_cafe_irhab\vendor\codeigniter4\framework\system\Commands\Server\rewrite.php(43): require_once('D:\\xampp\\htdocs...')
#9 {main}
CRITICAL - 2022-02-20 21:03:13 --> Call to undefined method CodeIgniter\View\View::extends()
#0 D:\xampp\htdocs\app_cafe_irhab\vendor\codeigniter4\framework\system\View\View.php(210): include()
#1 D:\xampp\htdocs\app_cafe_irhab\vendor\codeigniter4\framework\system\View\View.php(213): CodeIgniter\View\View->CodeIgniter\View\{closure}()
#2 D:\xampp\htdocs\app_cafe_irhab\vendor\codeigniter4\framework\system\Common.php(1089): CodeIgniter\View\View->render('dashboard', Array, true)
#3 D:\xampp\htdocs\app_cafe_irhab\app\Controllers\Home.php(14): view('dashboard')
#4 D:\xampp\htdocs\app_cafe_irhab\vendor\codeigniter4\framework\system\CodeIgniter.php(825): App\Controllers\Home->dashboard()
#5 D:\xampp\htdocs\app_cafe_irhab\vendor\codeigniter4\framework\system\CodeIgniter.php(412): CodeIgniter\CodeIgniter->runController(Object(App\Controllers\Home))
#6 D:\xampp\htdocs\app_cafe_irhab\vendor\codeigniter4\framework\system\CodeIgniter.php(320): CodeIgniter\CodeIgniter->handleRequest(NULL, Object(Config\Cache), false)
#7 D:\xampp\htdocs\app_cafe_irhab\public\index.php(37): CodeIgniter\CodeIgniter->run()
#8 D:\xampp\htdocs\app_cafe_irhab\vendor\codeigniter4\framework\system\Commands\Server\rewrite.php(43): require_once('D:\\xampp\\htdocs...')
#9 {main}
CRITICAL - 2022-02-20 21:03:14 --> Call to undefined method CodeIgniter\View\View::extends()
#0 D:\xampp\htdocs\app_cafe_irhab\vendor\codeigniter4\framework\system\View\View.php(210): include()
#1 D:\xampp\htdocs\app_cafe_irhab\vendor\codeigniter4\framework\system\View\View.php(213): CodeIgniter\View\View->CodeIgniter\View\{closure}()
#2 D:\xampp\htdocs\app_cafe_irhab\vendor\codeigniter4\framework\system\Common.php(1089): CodeIgniter\View\View->render('dashboard', Array, true)
#3 D:\xampp\htdocs\app_cafe_irhab\app\Controllers\Home.php(14): view('dashboard')
#4 D:\xampp\htdocs\app_cafe_irhab\vendor\codeigniter4\framework\system\CodeIgniter.php(825): App\Controllers\Home->dashboard()
#5 D:\xampp\htdocs\app_cafe_irhab\vendor\codeigniter4\framework\system\CodeIgniter.php(412): CodeIgniter\CodeIgniter->runController(Object(App\Controllers\Home))
#6 D:\xampp\htdocs\app_cafe_irhab\vendor\codeigniter4\framework\system\CodeIgniter.php(320): CodeIgniter\CodeIgniter->handleRequest(NULL, Object(Config\Cache), false)
#7 D:\xampp\htdocs\app_cafe_irhab\public\index.php(37): CodeIgniter\CodeIgniter->run()
#8 D:\xampp\htdocs\app_cafe_irhab\vendor\codeigniter4\framework\system\Commands\Server\rewrite.php(43): require_once('D:\\xampp\\htdocs...')
#9 {main}
CRITICAL - 2022-02-20 21:04:01 --> Call to undefined method CodeIgniter\View\View::extends()
#0 D:\xampp\htdocs\app_cafe_irhab\vendor\codeigniter4\framework\system\View\View.php(210): include()
#1 D:\xampp\htdocs\app_cafe_irhab\vendor\codeigniter4\framework\system\View\View.php(213): CodeIgniter\View\View->CodeIgniter\View\{closure}()
#2 D:\xampp\htdocs\app_cafe_irhab\vendor\codeigniter4\framework\system\Common.php(1089): CodeIgniter\View\View->render('dashboard', Array, true)
#3 D:\xampp\htdocs\app_cafe_irhab\app\Controllers\Home.php(14): view('dashboard')
#4 D:\xampp\htdocs\app_cafe_irhab\vendor\codeigniter4\framework\system\CodeIgniter.php(825): App\Controllers\Home->dashboard()
#5 D:\xampp\htdocs\app_cafe_irhab\vendor\codeigniter4\framework\system\CodeIgniter.php(412): CodeIgniter\CodeIgniter->runController(Object(App\Controllers\Home))
#6 D:\xampp\htdocs\app_cafe_irhab\vendor\codeigniter4\framework\system\CodeIgniter.php(320): CodeIgniter\CodeIgniter->handleRequest(NULL, Object(Config\Cache), false)
#7 D:\xampp\htdocs\app_cafe_irhab\public\index.php(37): CodeIgniter\CodeIgniter->run()
#8 D:\xampp\htdocs\app_cafe_irhab\vendor\codeigniter4\framework\system\Commands\Server\rewrite.php(43): require_once('D:\\xampp\\htdocs...')
#9 {main}
CRITICAL - 2022-02-20 21:04:16 --> Call to undefined method CodeIgniter\View\View::extends()
#0 D:\xampp\htdocs\app_cafe_irhab\vendor\codeigniter4\framework\system\View\View.php(210): include()
#1 D:\xampp\htdocs\app_cafe_irhab\vendor\codeigniter4\framework\system\View\View.php(213): CodeIgniter\View\View->CodeIgniter\View\{closure}()
#2 D:\xampp\htdocs\app_cafe_irhab\vendor\codeigniter4\framework\system\Common.php(1089): CodeIgniter\View\View->render('dashboard', Array, true)
#3 D:\xampp\htdocs\app_cafe_irhab\app\Controllers\Home.php(14): view('dashboard')
#4 D:\xampp\htdocs\app_cafe_irhab\vendor\codeigniter4\framework\system\CodeIgniter.php(825): App\Controllers\Home->dashboard()
#5 D:\xampp\htdocs\app_cafe_irhab\vendor\codeigniter4\framework\system\CodeIgniter.php(412): CodeIgniter\CodeIgniter->runController(Object(App\Controllers\Home))
#6 D:\xampp\htdocs\app_cafe_irhab\vendor\codeigniter4\framework\system\CodeIgniter.php(320): CodeIgniter\CodeIgniter->handleRequest(NULL, Object(Config\Cache), false)
#7 D:\xampp\htdocs\app_cafe_irhab\public\index.php(37): CodeIgniter\CodeIgniter->run()
#8 D:\xampp\htdocs\app_cafe_irhab\vendor\codeigniter4\framework\system\Commands\Server\rewrite.php(43): require_once('D:\\xampp\\htdocs...')
#9 {main}
CRITICAL - 2022-02-20 21:04:33 --> Call to undefined method CodeIgniter\View\View::extends()
#0 D:\xampp\htdocs\app_cafe_irhab\vendor\codeigniter4\framework\system\View\View.php(210): include()
#1 D:\xampp\htdocs\app_cafe_irhab\vendor\codeigniter4\framework\system\View\View.php(213): CodeIgniter\View\View->CodeIgniter\View\{closure}()
#2 D:\xampp\htdocs\app_cafe_irhab\vendor\codeigniter4\framework\system\Common.php(1089): CodeIgniter\View\View->render('dashboard', Array, true)
#3 D:\xampp\htdocs\app_cafe_irhab\app\Controllers\Home.php(14): view('dashboard')
#4 D:\xampp\htdocs\app_cafe_irhab\vendor\codeigniter4\framework\system\CodeIgniter.php(825): App\Controllers\Home->dashboard()
#5 D:\xampp\htdocs\app_cafe_irhab\vendor\codeigniter4\framework\system\CodeIgniter.php(412): CodeIgniter\CodeIgniter->runController(Object(App\Controllers\Home))
#6 D:\xampp\htdocs\app_cafe_irhab\vendor\codeigniter4\framework\system\CodeIgniter.php(320): CodeIgniter\CodeIgniter->handleRequest(NULL, Object(Config\Cache), false)
#7 D:\xampp\htdocs\app_cafe_irhab\public\index.php(37): CodeIgniter\CodeIgniter->run()
#8 D:\xampp\htdocs\app_cafe_irhab\vendor\codeigniter4\framework\system\Commands\Server\rewrite.php(43): require_once('D:\\xampp\\htdocs...')
#9 {main}
CRITICAL - 2022-02-20 21:11:24 --> Invalid file: layouts/components/tobbar.php
#0 D:\xampp\htdocs\app_cafe_irhab\vendor\codeigniter4\framework\system\View\View.php(198): CodeIgniter\Exceptions\FrameworkException::forInvalidFile('layouts/compone...')
#1 D:\xampp\htdocs\app_cafe_irhab\vendor\codeigniter4\framework\system\View\View.php(424): CodeIgniter\View\View->render('layouts/compone...', NULL, true)
#2 D:\xampp\htdocs\app_cafe_irhab\app\Views\layouts\admin.php(2): CodeIgniter\View\View->include('layouts/compone...')
#3 D:\xampp\htdocs\app_cafe_irhab\vendor\codeigniter4\framework\system\View\View.php(210): include('D:\\xampp\\htdocs...')
#4 D:\xampp\htdocs\app_cafe_irhab\vendor\codeigniter4\framework\system\View\View.php(213): CodeIgniter\View\View->CodeIgniter\View\{closure}()
#5 D:\xampp\htdocs\app_cafe_irhab\vendor\codeigniter4\framework\system\View\View.php(424): CodeIgniter\View\View->render('layouts/admin', NULL, true)
#6 D:\xampp\htdocs\app_cafe_irhab\app\Views\dashboard.php(1): CodeIgniter\View\View->include('layouts/admin')
#7 D:\xampp\htdocs\app_cafe_irhab\vendor\codeigniter4\framework\system\View\View.php(210): include('D:\\xampp\\htdocs...')
#8 D:\xampp\htdocs\app_cafe_irhab\vendor\codeigniter4\framework\system\View\View.php(213): CodeIgniter\View\View->CodeIgniter\View\{closure}()
#9 D:\xampp\htdocs\app_cafe_irhab\vendor\codeigniter4\framework\system\Common.php(1089): CodeIgniter\View\View->render('dashboard', Array, true)
#10 D:\xampp\htdocs\app_cafe_irhab\app\Controllers\Home.php(14): view('dashboard')
#11 D:\xampp\htdocs\app_cafe_irhab\vendor\codeigniter4\framework\system\CodeIgniter.php(825): App\Controllers\Home->dashboard()
#12 D:\xampp\htdocs\app_cafe_irhab\vendor\codeigniter4\framework\system\CodeIgniter.php(412): CodeIgniter\CodeIgniter->runController(Object(App\Controllers\Home))
#13 D:\xampp\htdocs\app_cafe_irhab\vendor\codeigniter4\framework\system\CodeIgniter.php(320): CodeIgniter\CodeIgniter->handleRequest(NULL, Object(Config\Cache), false)
#14 D:\xampp\htdocs\app_cafe_irhab\public\index.php(37): CodeIgniter\CodeIgniter->run()
#15 D:\xampp\htdocs\app_cafe_irhab\vendor\codeigniter4\framework\system\Commands\Server\rewrite.php(43): require_once('D:\\xampp\\htdocs...')
#16 {main}
CRITICAL - 2022-02-20 21:31:48 --> Call to undefined method CodeIgniter\View\View::extends()
#0 D:\xampp\htdocs\app_cafe_irhab\vendor\codeigniter4\framework\system\View\View.php(210): include()
#1 D:\xampp\htdocs\app_cafe_irhab\vendor\codeigniter4\framework\system\View\View.php(213): CodeIgniter\View\View->CodeIgniter\View\{closure}()
#2 D:\xampp\htdocs\app_cafe_irhab\vendor\codeigniter4\framework\system\Common.php(1089): CodeIgniter\View\View->render('dashboard', Array, true)
#3 D:\xampp\htdocs\app_cafe_irhab\app\Controllers\Home.php(14): view('dashboard')
#4 D:\xampp\htdocs\app_cafe_irhab\vendor\codeigniter4\framework\system\CodeIgniter.php(825): App\Controllers\Home->dashboard()
#5 D:\xampp\htdocs\app_cafe_irhab\vendor\codeigniter4\framework\system\CodeIgniter.php(412): CodeIgniter\CodeIgniter->runController(Object(App\Controllers\Home))
#6 D:\xampp\htdocs\app_cafe_irhab\vendor\codeigniter4\framework\system\CodeIgniter.php(320): CodeIgniter\CodeIgniter->handleRequest(NULL, Object(Config\Cache), false)
#7 D:\xampp\htdocs\app_cafe_irhab\public\index.php(37): CodeIgniter\CodeIgniter->run()
#8 D:\xampp\htdocs\app_cafe_irhab\vendor\codeigniter4\framework\system\Commands\Server\rewrite.php(43): require_once('D:\\xampp\\htdocs...')
#9 {main}
CRITICAL - 2022-02-20 21:35:28 --> Invalid file: layout/admin.php
#0 D:\xampp\htdocs\app_cafe_irhab\vendor\codeigniter4\framework\system\View\View.php(198): CodeIgniter\Exceptions\FrameworkException::forInvalidFile('layout/admin.ph...')
#1 D:\xampp\htdocs\app_cafe_irhab\vendor\codeigniter4\framework\system\View\View.php(226): CodeIgniter\View\View->render('layout/admin', Array, true)
#2 D:\xampp\htdocs\app_cafe_irhab\vendor\codeigniter4\framework\system\Common.php(1089): CodeIgniter\View\View->render('UserList', Array, true)
#3 D:\xampp\htdocs\app_cafe_irhab\app\Controllers\UserController.php(14): view('UserList')
#4 D:\xampp\htdocs\app_cafe_irhab\vendor\codeigniter4\framework\system\CodeIgniter.php(825): App\Controllers\UserController->tampil()
#5 D:\xampp\htdocs\app_cafe_irhab\vendor\codeigniter4\framework\system\CodeIgniter.php(412): CodeIgniter\CodeIgniter->runController(Object(App\Controllers\UserController))
#6 D:\xampp\htdocs\app_cafe_irhab\vendor\codeigniter4\framework\system\CodeIgniter.php(320): CodeIgniter\CodeIgniter->handleRequest(NULL, Object(Config\Cache), false)
#7 D:\xampp\htdocs\app_cafe_irhab\public\index.php(37): CodeIgniter\CodeIgniter->run()
#8 D:\xampp\htdocs\app_cafe_irhab\vendor\codeigniter4\framework\system\Commands\Server\rewrite.php(43): require_once('D:\\xampp\\htdocs...')
#9 {main}
CRITICAL - 2022-02-20 21:44:23 --> syntax error, unexpected 'endforeach' (T_ENDFOREACH), expecting end of file
#0 D:\xampp\htdocs\app_cafe_irhab\vendor\codeigniter4\framework\system\View\View.php(213): CodeIgniter\View\View->CodeIgniter\View\{closure}()
#1 D:\xampp\htdocs\app_cafe_irhab\vendor\codeigniter4\framework\system\Common.php(1089): CodeIgniter\View\View->render('UserList', Array, true)
#2 D:\xampp\htdocs\app_cafe_irhab\app\Controllers\UserController.php(14): view('UserList')
#3 D:\xampp\htdocs\app_cafe_irhab\vendor\codeigniter4\framework\system\CodeIgniter.php(825): App\Controllers\UserController->tampil()
#4 D:\xampp\htdocs\app_cafe_irhab\vendor\codeigniter4\framework\system\CodeIgniter.php(412): CodeIgniter\CodeIgniter->runController(Object(App\Controllers\UserController))
#5 D:\xampp\htdocs\app_cafe_irhab\vendor\codeigniter4\framework\system\CodeIgniter.php(320): CodeIgniter\CodeIgniter->handleRequest(NULL, Object(Config\Cache), false)
#6 D:\xampp\htdocs\app_cafe_irhab\public\index.php(37): CodeIgniter\CodeIgniter->run()
#7 D:\xampp\htdocs\app_cafe_irhab\vendor\codeigniter4\framework\system\Commands\Server\rewrite.php(43): require_once('D:\\xampp\\htdocs...')
#8 {main}
CRITICAL - 2022-02-20 21:48:08 --> syntax error, unexpected 'endforeach' (T_ENDFOREACH), expecting end of file
#0 D:\xampp\htdocs\app_cafe_irhab\vendor\codeigniter4\framework\system\View\View.php(213): CodeIgniter\View\View->CodeIgniter\View\{closure}()
#1 D:\xampp\htdocs\app_cafe_irhab\vendor\codeigniter4\framework\system\Common.php(1089): CodeIgniter\View\View->render('UserList', Array, true)
#2 D:\xampp\htdocs\app_cafe_irhab\app\Controllers\UserController.php(14): view('UserList')
#3 D:\xampp\htdocs\app_cafe_irhab\vendor\codeigniter4\framework\system\CodeIgniter.php(825): App\Controllers\UserController->tampil()
#4 D:\xampp\htdocs\app_cafe_irhab\vendor\codeigniter4\framework\system\CodeIgniter.php(412): CodeIgniter\CodeIgniter->runController(Object(App\Controllers\UserController))
#5 D:\xampp\htdocs\app_cafe_irhab\vendor\codeigniter4\framework\system\CodeIgniter.php(320): CodeIgniter\CodeIgniter->handleRequest(NULL, Object(Config\Cache), false)
#6 D:\xampp\htdocs\app_cafe_irhab\public\index.php(37): CodeIgniter\CodeIgniter->run()
#7 D:\xampp\htdocs\app_cafe_irhab\vendor\codeigniter4\framework\system\Commands\Server\rewrite.php(43): require_once('D:\\xampp\\htdocs...')
#8 {main}
CRITICAL - 2022-02-20 21:48:22 --> syntax error, unexpected '<', expecting end of file
#0 D:\xampp\htdocs\app_cafe_irhab\vendor\codeigniter4\framework\system\View\View.php(213): CodeIgniter\View\View->CodeIgniter\View\{closure}()
#1 D:\xampp\htdocs\app_cafe_irhab\vendor\codeigniter4\framework\system\Common.php(1089): CodeIgniter\View\View->render('UserList', Array, true)
#2 D:\xampp\htdocs\app_cafe_irhab\app\Controllers\UserController.php(14): view('UserList')
#3 D:\xampp\htdocs\app_cafe_irhab\vendor\codeigniter4\framework\system\CodeIgniter.php(825): App\Controllers\UserController->tampil()
#4 D:\xampp\htdocs\app_cafe_irhab\vendor\codeigniter4\framework\system\CodeIgniter.php(412): CodeIgniter\CodeIgniter->runController(Object(App\Controllers\UserController))
#5 D:\xampp\htdocs\app_cafe_irhab\vendor\codeigniter4\framework\system\CodeIgniter.php(320): CodeIgniter\CodeIgniter->handleRequest(NULL, Object(Config\Cache), false)
#6 D:\xampp\htdocs\app_cafe_irhab\public\index.php(37): CodeIgniter\CodeIgniter->run()
#7 D:\xampp\htdocs\app_cafe_irhab\vendor\codeigniter4\framework\system\Commands\Server\rewrite.php(43): require_once('D:\\xampp\\htdocs...')
#8 {main}
CRITICAL - 2022-02-20 21:48:59 --> syntax error, unexpected 'endforeach' (T_ENDFOREACH), expecting end of file
#0 D:\xampp\htdocs\app_cafe_irhab\vendor\codeigniter4\framework\system\View\View.php(213): CodeIgniter\View\View->CodeIgniter\View\{closure}()
#1 D:\xampp\htdocs\app_cafe_irhab\vendor\codeigniter4\framework\system\Common.php(1089): CodeIgniter\View\View->render('UserList', Array, true)
#2 D:\xampp\htdocs\app_cafe_irhab\app\Controllers\UserController.php(14): view('UserList')
#3 D:\xampp\htdocs\app_cafe_irhab\vendor\codeigniter4\framework\system\CodeIgniter.php(825): App\Controllers\UserController->tampil()
#4 D:\xampp\htdocs\app_cafe_irhab\vendor\codeigniter4\framework\system\CodeIgniter.php(412): CodeIgniter\CodeIgniter->runController(Object(App\Controllers\UserController))
#5 D:\xampp\htdocs\app_cafe_irhab\vendor\codeigniter4\framework\system\CodeIgniter.php(320): CodeIgniter\CodeIgniter->handleRequest(NULL, Object(Config\Cache), false)
#6 D:\xampp\htdocs\app_cafe_irhab\public\index.php(37): CodeIgniter\CodeIgniter->run()
#7 D:\xampp\htdocs\app_cafe_irhab\vendor\codeigniter4\framework\system\Commands\Server\rewrite.php(43): require_once('D:\\xampp\\htdocs...')
#8 {main}
CRITICAL - 2022-02-20 21:49:16 --> syntax error, unexpected 'endforeach' (T_ENDFOREACH), expecting end of file
#0 D:\xampp\htdocs\app_cafe_irhab\vendor\codeigniter4\framework\system\View\View.php(213): CodeIgniter\View\View->CodeIgniter\View\{closure}()
#1 D:\xampp\htdocs\app_cafe_irhab\vendor\codeigniter4\framework\system\Common.php(1089): CodeIgniter\View\View->render('UserList', Array, true)
#2 D:\xampp\htdocs\app_cafe_irhab\app\Controllers\UserController.php(14): view('UserList')
#3 D:\xampp\htdocs\app_cafe_irhab\vendor\codeigniter4\framework\system\CodeIgniter.php(825): App\Controllers\UserController->tampil()
#4 D:\xampp\htdocs\app_cafe_irhab\vendor\codeigniter4\framework\system\CodeIgniter.php(412): CodeIgniter\CodeIgniter->runController(Object(App\Controllers\UserController))
#5 D:\xampp\htdocs\app_cafe_irhab\vendor\codeigniter4\framework\system\CodeIgniter.php(320): CodeIgniter\CodeIgniter->handleRequest(NULL, Object(Config\Cache), false)
#6 D:\xampp\htdocs\app_cafe_irhab\public\index.php(37): CodeIgniter\CodeIgniter->run()
#7 D:\xampp\htdocs\app_cafe_irhab\vendor\codeigniter4\framework\system\Commands\Server\rewrite.php(43): require_once('D:\\xampp\\htdocs...')
#8 {main}
CRITICAL - 2022-02-20 21:58:40 --> Call to undefined method App\Controllers\UserController::request()
#0 D:\xampp\htdocs\app_cafe_irhab\vendor\codeigniter4\framework\system\CodeIgniter.php(825): App\Controllers\UserController->tampil()
#1 D:\xampp\htdocs\app_cafe_irhab\vendor\codeigniter4\framework\system\CodeIgniter.php(412): CodeIgniter\CodeIgniter->runController(Object(App\Controllers\UserController))
#2 D:\xampp\htdocs\app_cafe_irhab\vendor\codeigniter4\framework\system\CodeIgniter.php(320): CodeIgniter\CodeIgniter->handleRequest(NULL, Object(Config\Cache), false)
#3 D:\xampp\htdocs\app_cafe_irhab\public\index.php(37): CodeIgniter\CodeIgniter->run()
#4 D:\xampp\htdocs\app_cafe_irhab\vendor\codeigniter4\framework\system\Commands\Server\rewrite.php(43): require_once('D:\\xampp\\htdocs...')
#5 {main}
CRITICAL - 2022-02-20 22:24:23 --> Call to undefined method App\Controllers\UserController::request()
#0 D:\xampp\htdocs\app_cafe_irhab\vendor\codeigniter4\framework\system\CodeIgniter.php(825): App\Controllers\UserController->tampil()
#1 D:\xampp\htdocs\app_cafe_irhab\vendor\codeigniter4\framework\system\CodeIgniter.php(412): CodeIgniter\CodeIgniter->runController(Object(App\Controllers\UserController))
#2 D:\xampp\htdocs\app_cafe_irhab\vendor\codeigniter4\framework\system\CodeIgniter.php(320): CodeIgniter\CodeIgniter->handleRequest(NULL, Object(Config\Cache), false)
#3 D:\xampp\htdocs\app_cafe_irhab\public\index.php(37): CodeIgniter\CodeIgniter->run()
#4 D:\xampp\htdocs\app_cafe_irhab\vendor\codeigniter4\framework\system\Commands\Server\rewrite.php(43): require_once('D:\\xampp\\htdocs...')
#5 {main}
CRITICAL - 2022-02-20 22:24:27 --> Call to undefined method App\Controllers\UserController::request()
#0 D:\xampp\htdocs\app_cafe_irhab\vendor\codeigniter4\framework\system\CodeIgniter.php(825): App\Controllers\UserController->tampil()
#1 D:\xampp\htdocs\app_cafe_irhab\vendor\codeigniter4\framework\system\CodeIgniter.php(412): CodeIgniter\CodeIgniter->runController(Object(App\Controllers\UserController))
#2 D:\xampp\htdocs\app_cafe_irhab\vendor\codeigniter4\framework\system\CodeIgniter.php(320): CodeIgniter\CodeIgniter->handleRequest(NULL, Object(Config\Cache), false)
#3 D:\xampp\htdocs\app_cafe_irhab\public\index.php(37): CodeIgniter\CodeIgniter->run()
#4 D:\xampp\htdocs\app_cafe_irhab\vendor\codeigniter4\framework\system\Commands\Server\rewrite.php(43): require_once('D:\\xampp\\htdocs...')
#5 {main}
CRITICAL - 2022-02-20 22:26:06 --> Undefined property: App\Controllers\UserController::$users
#0 D:\xampp\htdocs\app_cafe_irhab\app\Controllers\UserController.php(14): CodeIgniter\Debug\Exceptions->errorHandler(8, 'Undefined prope...', 'D:\\xampp\\htdocs...', 14, Array)
#1 D:\xampp\htdocs\app_cafe_irhab\vendor\codeigniter4\framework\system\CodeIgniter.php(825): App\Controllers\UserController->tampil()
#2 D:\xampp\htdocs\app_cafe_irhab\vendor\codeigniter4\framework\system\CodeIgniter.php(412): CodeIgniter\CodeIgniter->runController(Object(App\Controllers\UserController))
#3 D:\xampp\htdocs\app_cafe_irhab\vendor\codeigniter4\framework\system\CodeIgniter.php(320): CodeIgniter\CodeIgniter->handleRequest(NULL, Object(Config\Cache), false)
#4 D:\xampp\htdocs\app_cafe_irhab\public\index.php(37): CodeIgniter\CodeIgniter->run()
#5 D:\xampp\htdocs\app_cafe_irhab\vendor\codeigniter4\framework\system\Commands\Server\rewrite.php(43): require_once('D:\\xampp\\htdocs...')
#6 {main}
CRITICAL - 2022-02-20 22:26:08 --> Undefined property: App\Controllers\UserController::$users
#0 D:\xampp\htdocs\app_cafe_irhab\app\Controllers\UserController.php(14): CodeIgniter\Debug\Exceptions->errorHandler(8, 'Undefined prope...', 'D:\\xampp\\htdocs...', 14, Array)
#1 D:\xampp\htdocs\app_cafe_irhab\vendor\codeigniter4\framework\system\CodeIgniter.php(825): App\Controllers\UserController->tampil()
#2 D:\xampp\htdocs\app_cafe_irhab\vendor\codeigniter4\framework\system\CodeIgniter.php(412): CodeIgniter\CodeIgniter->runController(Object(App\Controllers\UserController))
#3 D:\xampp\htdocs\app_cafe_irhab\vendor\codeigniter4\framework\system\CodeIgniter.php(320): CodeIgniter\CodeIgniter->handleRequest(NULL, Object(Config\Cache), false)
#4 D:\xampp\htdocs\app_cafe_irhab\public\index.php(37): CodeIgniter\CodeIgniter->run()
#5 D:\xampp\htdocs\app_cafe_irhab\vendor\codeigniter4\framework\system\Commands\Server\rewrite.php(43): require_once('D:\\xampp\\htdocs...')
#6 {main}
CRITICAL - 2022-02-20 22:26:58 --> syntax error, unexpected ''nama'' (T_CONSTANT_ENCAPSED_STRING), expecting variable (T_VARIABLE)
#0 D:\xampp\htdocs\app_cafe_irhab\vendor\codeigniter4\framework\system\Autoloader\Autoloader.php(241): CodeIgniter\Autoloader\Autoloader->includeFile('D:\\xampp\\htdocs...')
#1 D:\xampp\htdocs\app_cafe_irhab\vendor\codeigniter4\framework\system\Autoloader\Autoloader.php(219): CodeIgniter\Autoloader\Autoloader->loadInNamespace('App\\Models\\User...')
#2 [internal function]: CodeIgniter\Autoloader\Autoloader->loadClass('App\\Models\\User...')
#3 D:\xampp\htdocs\app_cafe_irhab\app\Controllers\UserController.php(9): spl_autoload_call('App\\Models\\User...')
#4 D:\xampp\htdocs\app_cafe_irhab\vendor\codeigniter4\framework\system\CodeIgniter.php(802): App\Controllers\UserController->__construct()
#5 D:\xampp\htdocs\app_cafe_irhab\vendor\codeigniter4\framework\system\CodeIgniter.php(403): CodeIgniter\CodeIgniter->createController()
#6 D:\xampp\htdocs\app_cafe_irhab\vendor\codeigniter4\framework\system\CodeIgniter.php(320): CodeIgniter\CodeIgniter->handleRequest(NULL, Object(Config\Cache), false)
#7 D:\xampp\htdocs\app_cafe_irhab\public\index.php(37): CodeIgniter\CodeIgniter->run()
#8 D:\xampp\htdocs\app_cafe_irhab\vendor\codeigniter4\framework\system\Commands\Server\rewrite.php(43): require_once('D:\\xampp\\htdocs...')
#9 {main}
CRITICAL - 2022-02-20 22:29:50 --> syntax error, unexpected '$this' (T_VARIABLE)
#0 D:\xampp\htdocs\app_cafe_irhab\vendor\codeigniter4\framework\system\Autoloader\Autoloader.php(241): CodeIgniter\Autoloader\Autoloader->includeFile('D:\\xampp\\htdocs...')
#1 D:\xampp\htdocs\app_cafe_irhab\vendor\codeigniter4\framework\system\Autoloader\Autoloader.php(219): CodeIgniter\Autoloader\Autoloader->loadInNamespace('App\\Controllers...')
#2 [internal function]: CodeIgniter\Autoloader\Autoloader->loadClass('App\\Controllers...')
#3 [internal function]: spl_autoload_call('App\\Controllers...')
#4 D:\xampp\htdocs\app_cafe_irhab\vendor\codeigniter4\framework\system\CodeIgniter.php(790): class_exists('\\App\\Controller...', true)
#5 D:\xampp\htdocs\app_cafe_irhab\vendor\codeigniter4\framework\system\CodeIgniter.php(399): CodeIgniter\CodeIgniter->startController()
#6 D:\xampp\htdocs\app_cafe_irhab\vendor\codeigniter4\framework\system\CodeIgniter.php(320): CodeIgniter\CodeIgniter->handleRequest(NULL, Object(Config\Cache), false)
#7 D:\xampp\htdocs\app_cafe_irhab\public\index.php(37): CodeIgniter\CodeIgniter->run()
#8 D:\xampp\htdocs\app_cafe_irhab\vendor\codeigniter4\framework\system\Commands\Server\rewrite.php(43): require_once('D:\\xampp\\htdocs...')
#9 {main}
CRITICAL - 2022-02-20 22:30:41 --> syntax error, unexpected ''nama'' (T_CONSTANT_ENCAPSED_STRING), expecting variable (T_VARIABLE)
#0 D:\xampp\htdocs\app_cafe_irhab\vendor\codeigniter4\framework\system\Autoloader\Autoloader.php(241): CodeIgniter\Autoloader\Autoloader->includeFile('D:\\xampp\\htdocs...')
#1 D:\xampp\htdocs\app_cafe_irhab\vendor\codeigniter4\framework\system\Autoloader\Autoloader.php(219): CodeIgniter\Autoloader\Autoloader->loadInNamespace('App\\Models\\User...')
#2 [internal function]: CodeIgniter\Autoloader\Autoloader->loadClass('App\\Models\\User...')
#3 D:\xampp\htdocs\app_cafe_irhab\app\Controllers\UserController.php(9): spl_autoload_call('App\\Models\\User...')
#4 D:\xampp\htdocs\app_cafe_irhab\vendor\codeigniter4\framework\system\CodeIgniter.php(802): App\Controllers\UserController->__construct()
#5 D:\xampp\htdocs\app_cafe_irhab\vendor\codeigniter4\framework\system\CodeIgniter.php(403): CodeIgniter\CodeIgniter->createController()
#6 D:\xampp\htdocs\app_cafe_irhab\vendor\codeigniter4\framework\system\CodeIgniter.php(320): CodeIgniter\CodeIgniter->handleRequest(NULL, Object(Config\Cache), false)
#7 D:\xampp\htdocs\app_cafe_irhab\public\index.php(37): CodeIgniter\CodeIgniter->run()
#8 D:\xampp\htdocs\app_cafe_irhab\vendor\codeigniter4\framework\system\Commands\Server\rewrite.php(43): require_once('D:\\xampp\\htdocs...')
#9 {main}
CRITICAL - 2022-02-20 22:32:23 --> syntax error, unexpected ''nama'' (T_CONSTANT_ENCAPSED_STRING), expecting variable (T_VARIABLE)
#0 D:\xampp\htdocs\app_cafe_irhab\vendor\codeigniter4\framework\system\Autoloader\Autoloader.php(241): CodeIgniter\Autoloader\Autoloader->includeFile('D:\\xampp\\htdocs...')
#1 D:\xampp\htdocs\app_cafe_irhab\vendor\codeigniter4\framework\system\Autoloader\Autoloader.php(219): CodeIgniter\Autoloader\Autoloader->loadInNamespace('App\\Models\\User...')
#2 [internal function]: CodeIgniter\Autoloader\Autoloader->loadClass('App\\Models\\User...')
#3 D:\xampp\htdocs\app_cafe_irhab\app\Controllers\UserController.php(9): spl_autoload_call('App\\Models\\User...')
#4 D:\xampp\htdocs\app_cafe_irhab\vendor\codeigniter4\framework\system\CodeIgniter.php(802): App\Controllers\UserController->__construct()
#5 D:\xampp\htdocs\app_cafe_irhab\vendor\codeigniter4\framework\system\CodeIgniter.php(403): CodeIgniter\CodeIgniter->createController()
#6 D:\xampp\htdocs\app_cafe_irhab\vendor\codeigniter4\framework\system\CodeIgniter.php(320): CodeIgniter\CodeIgniter->handleRequest(NULL, Object(Config\Cache), false)
#7 D:\xampp\htdocs\app_cafe_irhab\public\index.php(37): CodeIgniter\CodeIgniter->run()
#8 D:\xampp\htdocs\app_cafe_irhab\vendor\codeigniter4\framework\system\Commands\Server\rewrite.php(43): require_once('D:\\xampp\\htdocs...')
#9 {main}
CRITICAL - 2022-02-20 22:33:12 --> syntax error, unexpected ''nama'' (T_CONSTANT_ENCAPSED_STRING), expecting variable (T_VARIABLE)
#0 D:\xampp\htdocs\app_cafe_irhab\vendor\codeigniter4\framework\system\Autoloader\Autoloader.php(241): CodeIgniter\Autoloader\Autoloader->includeFile('D:\\xampp\\htdocs...')
#1 D:\xampp\htdocs\app_cafe_irhab\vendor\codeigniter4\framework\system\Autoloader\Autoloader.php(219): CodeIgniter\Autoloader\Autoloader->loadInNamespace('App\\Models\\User...')
#2 [internal function]: CodeIgniter\Autoloader\Autoloader->loadClass('App\\Models\\User...')
#3 D:\xampp\htdocs\app_cafe_irhab\app\Controllers\UserController.php(9): spl_autoload_call('App\\Models\\User...')
#4 D:\xampp\htdocs\app_cafe_irhab\vendor\codeigniter4\framework\system\CodeIgniter.php(802): App\Controllers\UserController->__construct()
#5 D:\xampp\htdocs\app_cafe_irhab\vendor\codeigniter4\framework\system\CodeIgniter.php(403): CodeIgniter\CodeIgniter->createController()
#6 D:\xampp\htdocs\app_cafe_irhab\vendor\codeigniter4\framework\system\CodeIgniter.php(320): CodeIgniter\CodeIgniter->handleRequest(NULL, Object(Config\Cache), false)
#7 D:\xampp\htdocs\app_cafe_irhab\public\index.php(37): CodeIgniter\CodeIgniter->run()
#8 D:\xampp\htdocs\app_cafe_irhab\vendor\codeigniter4\framework\system\Commands\Server\rewrite.php(43): require_once('D:\\xampp\\htdocs...')
#9 {main}
CRITICAL - 2022-02-20 22:34:01 --> syntax error, unexpected ''nama'' (T_CONSTANT_ENCAPSED_STRING), expecting variable (T_VARIABLE)
#0 D:\xampp\htdocs\app_cafe_irhab\vendor\codeigniter4\framework\system\Autoloader\Autoloader.php(241): CodeIgniter\Autoloader\Autoloader->includeFile('D:\\xampp\\htdocs...')
#1 D:\xampp\htdocs\app_cafe_irhab\vendor\codeigniter4\framework\system\Autoloader\Autoloader.php(219): CodeIgniter\Autoloader\Autoloader->loadInNamespace('App\\Models\\User...')
#2 [internal function]: CodeIgniter\Autoloader\Autoloader->loadClass('App\\Models\\User...')
#3 D:\xampp\htdocs\app_cafe_irhab\app\Controllers\UserController.php(9): spl_autoload_call('App\\Models\\User...')
#4 D:\xampp\htdocs\app_cafe_irhab\vendor\codeigniter4\framework\system\CodeIgniter.php(802): App\Controllers\UserController->__construct()
#5 D:\xampp\htdocs\app_cafe_irhab\vendor\codeigniter4\framework\system\CodeIgniter.php(403): CodeIgniter\CodeIgniter->createController()
#6 D:\xampp\htdocs\app_cafe_irhab\vendor\codeigniter4\framework\system\CodeIgniter.php(320): CodeIgniter\CodeIgniter->handleRequest(NULL, Object(Config\Cache), false)
#7 D:\xampp\htdocs\app_cafe_irhab\public\index.php(37): CodeIgniter\CodeIgniter->run()
#8 D:\xampp\htdocs\app_cafe_irhab\vendor\codeigniter4\framework\system\Commands\Server\rewrite.php(43): require_once('D:\\xampp\\htdocs...')
#9 {main}
CRITICAL - 2022-02-20 22:34:52 --> syntax error, unexpected ''nama'' (T_CONSTANT_ENCAPSED_STRING), expecting variable (T_VARIABLE)
#0 D:\xampp\htdocs\app_cafe_irhab\vendor\codeigniter4\framework\system\Autoloader\Autoloader.php(241): CodeIgniter\Autoloader\Autoloader->includeFile('D:\\xampp\\htdocs...')
#1 D:\xampp\htdocs\app_cafe_irhab\vendor\codeigniter4\framework\system\Autoloader\Autoloader.php(219): CodeIgniter\Autoloader\Autoloader->loadInNamespace('App\\Models\\User...')
#2 [internal function]: CodeIgniter\Autoloader\Autoloader->loadClass('App\\Models\\User...')
#3 D:\xampp\htdocs\app_cafe_irhab\app\Controllers\UserController.php(9): spl_autoload_call('App\\Models\\User...')
#4 D:\xampp\htdocs\app_cafe_irhab\vendor\codeigniter4\framework\system\CodeIgniter.php(802): App\Controllers\UserController->__construct()
#5 D:\xampp\htdocs\app_cafe_irhab\vendor\codeigniter4\framework\system\CodeIgniter.php(403): CodeIgniter\CodeIgniter->createController()
#6 D:\xampp\htdocs\app_cafe_irhab\vendor\codeigniter4\framework\system\CodeIgniter.php(320): CodeIgniter\CodeIgniter->handleRequest(NULL, Object(Config\Cache), false)
#7 D:\xampp\htdocs\app_cafe_irhab\public\index.php(37): CodeIgniter\CodeIgniter->run()
#8 D:\xampp\htdocs\app_cafe_irhab\vendor\codeigniter4\framework\system\Commands\Server\rewrite.php(43): require_once('D:\\xampp\\htdocs...')
#9 {main}
CRITICAL - 2022-02-20 22:35:36 --> syntax error, unexpected ''nama'' (T_CONSTANT_ENCAPSED_STRING), expecting variable (T_VARIABLE)
#0 D:\xampp\htdocs\app_cafe_irhab\vendor\codeigniter4\framework\system\Autoloader\Autoloader.php(241): CodeIgniter\Autoloader\Autoloader->includeFile('D:\\xampp\\htdocs...')
#1 D:\xampp\htdocs\app_cafe_irhab\vendor\codeigniter4\framework\system\Autoloader\Autoloader.php(219): CodeIgniter\Autoloader\Autoloader->loadInNamespace('App\\Models\\User...')
#2 [internal function]: CodeIgniter\Autoloader\Autoloader->loadClass('App\\Models\\User...')
#3 D:\xampp\htdocs\app_cafe_irhab\app\Controllers\UserController.php(9): spl_autoload_call('App\\Models\\User...')
#4 D:\xampp\htdocs\app_cafe_irhab\vendor\codeigniter4\framework\system\CodeIgniter.php(802): App\Controllers\UserController->__construct()
#5 D:\xampp\htdocs\app_cafe_irhab\vendor\codeigniter4\framework\system\CodeIgniter.php(403): CodeIgniter\CodeIgniter->createController()
#6 D:\xampp\htdocs\app_cafe_irhab\vendor\codeigniter4\framework\system\CodeIgniter.php(320): CodeIgniter\CodeIgniter->handleRequest(NULL, Object(Config\Cache), false)
#7 D:\xampp\htdocs\app_cafe_irhab\public\index.php(37): CodeIgniter\CodeIgniter->run()
#8 D:\xampp\htdocs\app_cafe_irhab\vendor\codeigniter4\framework\system\Commands\Server\rewrite.php(43): require_once('D:\\xampp\\htdocs...')
#9 {main}
CRITICAL - 2022-02-20 22:35:37 --> syntax error, unexpected ''nama'' (T_CONSTANT_ENCAPSED_STRING), expecting variable (T_VARIABLE)
#0 D:\xampp\htdocs\app_cafe_irhab\vendor\codeigniter4\framework\system\Autoloader\Autoloader.php(241): CodeIgniter\Autoloader\Autoloader->includeFile('D:\\xampp\\htdocs...')
#1 D:\xampp\htdocs\app_cafe_irhab\vendor\codeigniter4\framework\system\Autoloader\Autoloader.php(219): CodeIgniter\Autoloader\Autoloader->loadInNamespace('App\\Models\\User...')
#2 [internal function]: CodeIgniter\Autoloader\Autoloader->loadClass('App\\Models\\User...')
#3 D:\xampp\htdocs\app_cafe_irhab\app\Controllers\UserController.php(9): spl_autoload_call('App\\Models\\User...')
#4 D:\xampp\htdocs\app_cafe_irhab\vendor\codeigniter4\framework\system\CodeIgniter.php(802): App\Controllers\UserController->__construct()
#5 D:\xampp\htdocs\app_cafe_irhab\vendor\codeigniter4\framework\system\CodeIgniter.php(403): CodeIgniter\CodeIgniter->createController()
#6 D:\xampp\htdocs\app_cafe_irhab\vendor\codeigniter4\framework\system\CodeIgniter.php(320): CodeIgniter\CodeIgniter->handleRequest(NULL, Object(Config\Cache), false)
#7 D:\xampp\htdocs\app_cafe_irhab\public\index.php(37): CodeIgniter\CodeIgniter->run()
#8 D:\xampp\htdocs\app_cafe_irhab\vendor\codeigniter4\framework\system\Commands\Server\rewrite.php(43): require_once('D:\\xampp\\htdocs...')
#9 {main}
CRITICAL - 2022-02-20 22:36:25 --> syntax error, unexpected ''nama'' (T_CONSTANT_ENCAPSED_STRING), expecting variable (T_VARIABLE)
#0 D:\xampp\htdocs\app_cafe_irhab\vendor\codeigniter4\framework\system\Autoloader\Autoloader.php(241): CodeIgniter\Autoloader\Autoloader->includeFile('D:\\xampp\\htdocs...')
#1 D:\xampp\htdocs\app_cafe_irhab\vendor\codeigniter4\framework\system\Autoloader\Autoloader.php(219): CodeIgniter\Autoloader\Autoloader->loadInNamespace('App\\Models\\User...')
#2 [internal function]: CodeIgniter\Autoloader\Autoloader->loadClass('App\\Models\\User...')
#3 D:\xampp\htdocs\app_cafe_irhab\app\Controllers\UserController.php(9): spl_autoload_call('App\\Models\\User...')
#4 D:\xampp\htdocs\app_cafe_irhab\vendor\codeigniter4\framework\system\CodeIgniter.php(802): App\Controllers\UserController->__construct()
#5 D:\xampp\htdocs\app_cafe_irhab\vendor\codeigniter4\framework\system\CodeIgniter.php(403): CodeIgniter\CodeIgniter->createController()
#6 D:\xampp\htdocs\app_cafe_irhab\vendor\codeigniter4\framework\system\CodeIgniter.php(320): CodeIgniter\CodeIgniter->handleRequest(NULL, Object(Config\Cache), false)
#7 D:\xampp\htdocs\app_cafe_irhab\public\index.php(37): CodeIgniter\CodeIgniter->run()
#8 D:\xampp\htdocs\app_cafe_irhab\vendor\codeigniter4\framework\system\Commands\Server\rewrite.php(43): require_once('D:\\xampp\\htdocs...')
#9 {main}
CRITICAL - 2022-02-20 22:36:34 --> syntax error, unexpected ''nama'' (T_CONSTANT_ENCAPSED_STRING), expecting variable (T_VARIABLE)
#0 D:\xampp\htdocs\app_cafe_irhab\vendor\codeigniter4\framework\system\Autoloader\Autoloader.php(241): CodeIgniter\Autoloader\Autoloader->includeFile('D:\\xampp\\htdocs...')
#1 D:\xampp\htdocs\app_cafe_irhab\vendor\codeigniter4\framework\system\Autoloader\Autoloader.php(219): CodeIgniter\Autoloader\Autoloader->loadInNamespace('App\\Models\\User...')
#2 [internal function]: CodeIgniter\Autoloader\Autoloader->loadClass('App\\Models\\User...')
#3 D:\xampp\htdocs\app_cafe_irhab\app\Controllers\UserController.php(9): spl_autoload_call('App\\Models\\User...')
#4 D:\xampp\htdocs\app_cafe_irhab\vendor\codeigniter4\framework\system\CodeIgniter.php(802): App\Controllers\UserController->__construct()
#5 D:\xampp\htdocs\app_cafe_irhab\vendor\codeigniter4\framework\system\CodeIgniter.php(403): CodeIgniter\CodeIgniter->createController()
#6 D:\xampp\htdocs\app_cafe_irhab\vendor\codeigniter4\framework\system\CodeIgniter.php(320): CodeIgniter\CodeIgniter->handleRequest(NULL, Object(Config\Cache), false)
#7 D:\xampp\htdocs\app_cafe_irhab\public\index.php(37): CodeIgniter\CodeIgniter->run()
#8 D:\xampp\htdocs\app_cafe_irhab\vendor\codeigniter4\framework\system\Commands\Server\rewrite.php(43): require_once('D:\\xampp\\htdocs...')
#9 {main}
CRITICAL - 2022-02-20 22:44:02 --> syntax error, unexpected '=', expecting ')'
#0 D:\xampp\htdocs\app_cafe_irhab\vendor\codeigniter4\framework\system\Autoloader\Autoloader.php(241): CodeIgniter\Autoloader\Autoloader->includeFile('D:\\xampp\\htdocs...')
#1 D:\xampp\htdocs\app_cafe_irhab\vendor\codeigniter4\framework\system\Autoloader\Autoloader.php(219): CodeIgniter\Autoloader\Autoloader->loadInNamespace('App\\Controllers...')
#2 [internal function]: CodeIgniter\Autoloader\Autoloader->loadClass('App\\Controllers...')
#3 [internal function]: spl_autoload_call('App\\Controllers...')
#4 D:\xampp\htdocs\app_cafe_irhab\vendor\codeigniter4\framework\system\CodeIgniter.php(790): class_exists('\\App\\Controller...', true)
#5 D:\xampp\htdocs\app_cafe_irhab\vendor\codeigniter4\framework\system\CodeIgniter.php(399): CodeIgniter\CodeIgniter->startController()
#6 D:\xampp\htdocs\app_cafe_irhab\vendor\codeigniter4\framework\system\CodeIgniter.php(320): CodeIgniter\CodeIgniter->handleRequest(NULL, Object(Config\Cache), false)
#7 D:\xampp\htdocs\app_cafe_irhab\public\index.php(37): CodeIgniter\CodeIgniter->run()
#8 D:\xampp\htdocs\app_cafe_irhab\vendor\codeigniter4\framework\system\Commands\Server\rewrite.php(43): require_once('D:\\xampp\\htdocs...')
#9 {main}
CRITICAL - 2022-02-20 22:44:32 --> syntax error, unexpected ''nama'' (T_CONSTANT_ENCAPSED_STRING), expecting variable (T_VARIABLE)
#0 D:\xampp\htdocs\app_cafe_irhab\vendor\codeigniter4\framework\system\Autoloader\Autoloader.php(241): CodeIgniter\Autoloader\Autoloader->includeFile('D:\\xampp\\htdocs...')
#1 D:\xampp\htdocs\app_cafe_irhab\vendor\codeigniter4\framework\system\Autoloader\Autoloader.php(219): CodeIgniter\Autoloader\Autoloader->loadInNamespace('App\\Models\\User...')
#2 [internal function]: CodeIgniter\Autoloader\Autoloader->loadClass('App\\Models\\User...')
#3 D:\xampp\htdocs\app_cafe_irhab\app\Controllers\UserController.php(9): spl_autoload_call('App\\Models\\User...')
#4 D:\xampp\htdocs\app_cafe_irhab\vendor\codeigniter4\framework\system\CodeIgniter.php(802): App\Controllers\UserController->__construct()
#5 D:\xampp\htdocs\app_cafe_irhab\vendor\codeigniter4\framework\system\CodeIgniter.php(403): CodeIgniter\CodeIgniter->createController()
#6 D:\xampp\htdocs\app_cafe_irhab\vendor\codeigniter4\framework\system\CodeIgniter.php(320): CodeIgniter\CodeIgniter->handleRequest(NULL, Object(Config\Cache), false)
#7 D:\xampp\htdocs\app_cafe_irhab\public\index.php(37): CodeIgniter\CodeIgniter->run()
#8 D:\xampp\htdocs\app_cafe_irhab\vendor\codeigniter4\framework\system\Commands\Server\rewrite.php(43): require_once('D:\\xampp\\htdocs...')
#9 {main}
CRITICAL - 2022-02-20 22:45:05 --> syntax error, unexpected ''nama'' (T_CONSTANT_ENCAPSED_STRING), expecting variable (T_VARIABLE)
#0 D:\xampp\htdocs\app_cafe_irhab\vendor\codeigniter4\framework\system\Autoloader\Autoloader.php(241): CodeIgniter\Autoloader\Autoloader->includeFile('D:\\xampp\\htdocs...')
#1 D:\xampp\htdocs\app_cafe_irhab\vendor\codeigniter4\framework\system\Autoloader\Autoloader.php(219): CodeIgniter\Autoloader\Autoloader->loadInNamespace('App\\Models\\User...')
#2 [internal function]: CodeIgniter\Autoloader\Autoloader->loadClass('App\\Models\\User...')
#3 D:\xampp\htdocs\app_cafe_irhab\app\Controllers\UserController.php(9): spl_autoload_call('App\\Models\\User...')
#4 D:\xampp\htdocs\app_cafe_irhab\vendor\codeigniter4\framework\system\CodeIgniter.php(802): App\Controllers\UserController->__construct()
#5 D:\xampp\htdocs\app_cafe_irhab\vendor\codeigniter4\framework\system\CodeIgniter.php(403): CodeIgniter\CodeIgniter->createController()
#6 D:\xampp\htdocs\app_cafe_irhab\vendor\codeigniter4\framework\system\CodeIgniter.php(320): CodeIgniter\CodeIgniter->handleRequest(NULL, Object(Config\Cache), false)
#7 D:\xampp\htdocs\app_cafe_irhab\public\index.php(37): CodeIgniter\CodeIgniter->run()
#8 D:\xampp\htdocs\app_cafe_irhab\vendor\codeigniter4\framework\system\Commands\Server\rewrite.php(43): require_once('D:\\xampp\\htdocs...')
#9 {main}
CRITICAL - 2022-02-20 22:45:07 --> syntax error, unexpected ''nama'' (T_CONSTANT_ENCAPSED_STRING), expecting variable (T_VARIABLE)
#0 D:\xampp\htdocs\app_cafe_irhab\vendor\codeigniter4\framework\system\Autoloader\Autoloader.php(241): CodeIgniter\Autoloader\Autoloader->includeFile('D:\\xampp\\htdocs...')
#1 D:\xampp\htdocs\app_cafe_irhab\vendor\codeigniter4\framework\system\Autoloader\Autoloader.php(219): CodeIgniter\Autoloader\Autoloader->loadInNamespace('App\\Models\\User...')
#2 [internal function]: CodeIgniter\Autoloader\Autoloader->loadClass('App\\Models\\User...')
#3 D:\xampp\htdocs\app_cafe_irhab\app\Controllers\UserController.php(9): spl_autoload_call('App\\Models\\User...')
#4 D:\xampp\htdocs\app_cafe_irhab\vendor\codeigniter4\framework\system\CodeIgniter.php(802): App\Controllers\UserController->__construct()
#5 D:\xampp\htdocs\app_cafe_irhab\vendor\codeigniter4\framework\system\CodeIgniter.php(403): CodeIgniter\CodeIgniter->createController()
#6 D:\xampp\htdocs\app_cafe_irhab\vendor\codeigniter4\framework\system\CodeIgniter.php(320): CodeIgniter\CodeIgniter->handleRequest(NULL, Object(Config\Cache), false)
#7 D:\xampp\htdocs\app_cafe_irhab\public\index.php(37): CodeIgniter\CodeIgniter->run()
#8 D:\xampp\htdocs\app_cafe_irhab\vendor\codeigniter4\framework\system\Commands\Server\rewrite.php(43): require_once('D:\\xampp\\htdocs...')
#9 {main}
CRITICAL - 2022-02-20 22:45:08 --> syntax error, unexpected ''nama'' (T_CONSTANT_ENCAPSED_STRING), expecting variable (T_VARIABLE)
#0 D:\xampp\htdocs\app_cafe_irhab\vendor\codeigniter4\framework\system\Autoloader\Autoloader.php(241): CodeIgniter\Autoloader\Autoloader->includeFile('D:\\xampp\\htdocs...')
#1 D:\xampp\htdocs\app_cafe_irhab\vendor\codeigniter4\framework\system\Autoloader\Autoloader.php(219): CodeIgniter\Autoloader\Autoloader->loadInNamespace('App\\Models\\User...')
#2 [internal function]: CodeIgniter\Autoloader\Autoloader->loadClass('App\\Models\\User...')
#3 D:\xampp\htdocs\app_cafe_irhab\app\Controllers\UserController.php(9): spl_autoload_call('App\\Models\\User...')
#4 D:\xampp\htdocs\app_cafe_irhab\vendor\codeigniter4\framework\system\CodeIgniter.php(802): App\Controllers\UserController->__construct()
#5 D:\xampp\htdocs\app_cafe_irhab\vendor\codeigniter4\framework\system\CodeIgniter.php(403): CodeIgniter\CodeIgniter->createController()
#6 D:\xampp\htdocs\app_cafe_irhab\vendor\codeigniter4\framework\system\CodeIgniter.php(320): CodeIgniter\CodeIgniter->handleRequest(NULL, Object(Config\Cache), false)
#7 D:\xampp\htdocs\app_cafe_irhab\public\index.php(37): CodeIgniter\CodeIgniter->run()
#8 D:\xampp\htdocs\app_cafe_irhab\vendor\codeigniter4\framework\system\Commands\Server\rewrite.php(43): require_once('D:\\xampp\\htdocs...')
#9 {main}
CRITICAL - 2022-02-20 22:47:18 --> syntax error, unexpected ''nama'' (T_CONSTANT_ENCAPSED_STRING), expecting variable (T_VARIABLE)
#0 D:\xampp\htdocs\app_cafe_irhab\vendor\codeigniter4\framework\system\Autoloader\Autoloader.php(241): CodeIgniter\Autoloader\Autoloader->includeFile('D:\\xampp\\htdocs...')
#1 D:\xampp\htdocs\app_cafe_irhab\vendor\codeigniter4\framework\system\Autoloader\Autoloader.php(219): CodeIgniter\Autoloader\Autoloader->loadInNamespace('App\\Models\\User...')
#2 [internal function]: CodeIgniter\Autoloader\Autoloader->loadClass('App\\Models\\User...')
#3 D:\xampp\htdocs\app_cafe_irhab\app\Controllers\UserController.php(9): spl_autoload_call('App\\Models\\User...')
#4 D:\xampp\htdocs\app_cafe_irhab\vendor\codeigniter4\framework\system\CodeIgniter.php(802): App\Controllers\UserController->__construct()
#5 D:\xampp\htdocs\app_cafe_irhab\vendor\codeigniter4\framework\system\CodeIgniter.php(403): CodeIgniter\CodeIgniter->createController()
#6 D:\xampp\htdocs\app_cafe_irhab\vendor\codeigniter4\framework\system\CodeIgniter.php(320): CodeIgniter\CodeIgniter->handleRequest(NULL, Object(Config\Cache), false)
#7 D:\xampp\htdocs\app_cafe_irhab\public\index.php(37): CodeIgniter\CodeIgniter->run()
#8 D:\xampp\htdocs\app_cafe_irhab\vendor\codeigniter4\framework\system\Commands\Server\rewrite.php(43): require_once('D:\\xampp\\htdocs...')
#9 {main}
CRITICAL - 2022-02-20 22:47:30 --> Trying to get property 'findAll' of non-object
#0 D:\xampp\htdocs\app_cafe_irhab\app\Controllers\UserController.php(14): CodeIgniter\Debug\Exceptions->errorHandler(8, 'Trying to get p...', 'D:\\xampp\\htdocs...', 14, Array)
#1 D:\xampp\htdocs\app_cafe_irhab\vendor\codeigniter4\framework\system\CodeIgniter.php(825): App\Controllers\UserController->tampil()
#2 D:\xampp\htdocs\app_cafe_irhab\vendor\codeigniter4\framework\system\CodeIgniter.php(412): CodeIgniter\CodeIgniter->runController(Object(App\Controllers\UserController))
#3 D:\xampp\htdocs\app_cafe_irhab\vendor\codeigniter4\framework\system\CodeIgniter.php(320): CodeIgniter\CodeIgniter->handleRequest(NULL, Object(Config\Cache), false)
#4 D:\xampp\htdocs\app_cafe_irhab\public\index.php(37): CodeIgniter\CodeIgniter->run()
#5 D:\xampp\htdocs\app_cafe_irhab\vendor\codeigniter4\framework\system\Commands\Server\rewrite.php(43): require_once('D:\\xampp\\htdocs...')
#6 {main}
CRITICAL - 2022-02-20 22:47:43 --> syntax error, unexpected ''nama'' (T_CONSTANT_ENCAPSED_STRING), expecting variable (T_VARIABLE)
#0 D:\xampp\htdocs\app_cafe_irhab\vendor\codeigniter4\framework\system\Autoloader\Autoloader.php(241): CodeIgniter\Autoloader\Autoloader->includeFile('D:\\xampp\\htdocs...')
#1 D:\xampp\htdocs\app_cafe_irhab\vendor\codeigniter4\framework\system\Autoloader\Autoloader.php(219): CodeIgniter\Autoloader\Autoloader->loadInNamespace('App\\Models\\User...')
#2 [internal function]: CodeIgniter\Autoloader\Autoloader->loadClass('App\\Models\\User...')
#3 D:\xampp\htdocs\app_cafe_irhab\app\Controllers\UserController.php(9): spl_autoload_call('App\\Models\\User...')
#4 D:\xampp\htdocs\app_cafe_irhab\vendor\codeigniter4\framework\system\CodeIgniter.php(802): App\Controllers\UserController->__construct()
#5 D:\xampp\htdocs\app_cafe_irhab\vendor\codeigniter4\framework\system\CodeIgniter.php(403): CodeIgniter\CodeIgniter->createController()
#6 D:\xampp\htdocs\app_cafe_irhab\vendor\codeigniter4\framework\system\CodeIgniter.php(320): CodeIgniter\CodeIgniter->handleRequest(NULL, Object(Config\Cache), false)
#7 D:\xampp\htdocs\app_cafe_irhab\public\index.php(37): CodeIgniter\CodeIgniter->run()
#8 D:\xampp\htdocs\app_cafe_irhab\vendor\codeigniter4\framework\system\Commands\Server\rewrite.php(43): require_once('D:\\xampp\\htdocs...')
#9 {main}
CRITICAL - 2022-02-20 22:48:04 --> syntax error, unexpected ''nama'' (T_CONSTANT_ENCAPSED_STRING), expecting variable (T_VARIABLE)
#0 D:\xampp\htdocs\app_cafe_irhab\vendor\codeigniter4\framework\system\Autoloader\Autoloader.php(241): CodeIgniter\Autoloader\Autoloader->includeFile('D:\\xampp\\htdocs...')
#1 D:\xampp\htdocs\app_cafe_irhab\vendor\codeigniter4\framework\system\Autoloader\Autoloader.php(219): CodeIgniter\Autoloader\Autoloader->loadInNamespace('App\\Models\\User...')
#2 [internal function]: CodeIgniter\Autoloader\Autoloader->loadClass('App\\Models\\User...')
#3 D:\xampp\htdocs\app_cafe_irhab\app\Controllers\UserController.php(9): spl_autoload_call('App\\Models\\User...')
#4 D:\xampp\htdocs\app_cafe_irhab\vendor\codeigniter4\framework\system\CodeIgniter.php(802): App\Controllers\UserController->__construct()
#5 D:\xampp\htdocs\app_cafe_irhab\vendor\codeigniter4\framework\system\CodeIgniter.php(403): CodeIgniter\CodeIgniter->createController()
#6 D:\xampp\htdocs\app_cafe_irhab\vendor\codeigniter4\framework\system\CodeIgniter.php(320): CodeIgniter\CodeIgniter->handleRequest(NULL, Object(Config\Cache), false)
#7 D:\xampp\htdocs\app_cafe_irhab\public\index.php(37): CodeIgniter\CodeIgniter->run()
#8 D:\xampp\htdocs\app_cafe_irhab\vendor\codeigniter4\framework\system\Commands\Server\rewrite.php(43): require_once('D:\\xampp\\htdocs...')
#9 {main}
CRITICAL - 2022-02-20 22:48:08 --> syntax error, unexpected ''nama'' (T_CONSTANT_ENCAPSED_STRING), expecting variable (T_VARIABLE)
#0 D:\xampp\htdocs\app_cafe_irhab\vendor\codeigniter4\framework\system\Autoloader\Autoloader.php(241): CodeIgniter\Autoloader\Autoloader->includeFile('D:\\xampp\\htdocs...')
#1 D:\xampp\htdocs\app_cafe_irhab\vendor\codeigniter4\framework\system\Autoloader\Autoloader.php(219): CodeIgniter\Autoloader\Autoloader->loadInNamespace('App\\Models\\User...')
#2 [internal function]: CodeIgniter\Autoloader\Autoloader->loadClass('App\\Models\\User...')
#3 D:\xampp\htdocs\app_cafe_irhab\app\Controllers\UserController.php(9): spl_autoload_call('App\\Models\\User...')
#4 D:\xampp\htdocs\app_cafe_irhab\vendor\codeigniter4\framework\system\CodeIgniter.php(802): App\Controllers\UserController->__construct()
#5 D:\xampp\htdocs\app_cafe_irhab\vendor\codeigniter4\framework\system\CodeIgniter.php(403): CodeIgniter\CodeIgniter->createController()
#6 D:\xampp\htdocs\app_cafe_irhab\vendor\codeigniter4\framework\system\CodeIgniter.php(320): CodeIgniter\CodeIgniter->handleRequest(NULL, Object(Config\Cache), false)
#7 D:\xampp\htdocs\app_cafe_irhab\public\index.php(37): CodeIgniter\CodeIgniter->run()
#8 D:\xampp\htdocs\app_cafe_irhab\vendor\codeigniter4\framework\system\Commands\Server\rewrite.php(43): require_once('D:\\xampp\\htdocs...')
#9 {main}
CRITICAL - 2022-02-20 22:49:23 --> syntax error, unexpected ''nama'' (T_CONSTANT_ENCAPSED_STRING), expecting variable (T_VARIABLE)
#0 D:\xampp\htdocs\app_cafe_irhab\vendor\codeigniter4\framework\system\Autoloader\Autoloader.php(241): CodeIgniter\Autoloader\Autoloader->includeFile('D:\\xampp\\htdocs...')
#1 D:\xampp\htdocs\app_cafe_irhab\vendor\codeigniter4\framework\system\Autoloader\Autoloader.php(219): CodeIgniter\Autoloader\Autoloader->loadInNamespace('App\\Models\\User...')
#2 [internal function]: CodeIgniter\Autoloader\Autoloader->loadClass('App\\Models\\User...')
#3 D:\xampp\htdocs\app_cafe_irhab\app\Controllers\UserController.php(9): spl_autoload_call('App\\Models\\User...')
#4 D:\xampp\htdocs\app_cafe_irhab\vendor\codeigniter4\framework\system\CodeIgniter.php(802): App\Controllers\UserController->__construct()
#5 D:\xampp\htdocs\app_cafe_irhab\vendor\codeigniter4\framework\system\CodeIgniter.php(403): CodeIgniter\CodeIgniter->createController()
#6 D:\xampp\htdocs\app_cafe_irhab\vendor\codeigniter4\framework\system\CodeIgniter.php(320): CodeIgniter\CodeIgniter->handleRequest(NULL, Object(Config\Cache), false)
#7 D:\xampp\htdocs\app_cafe_irhab\public\index.php(37): CodeIgniter\CodeIgniter->run()
#8 D:\xampp\htdocs\app_cafe_irhab\vendor\codeigniter4\framework\system\Commands\Server\rewrite.php(43): require_once('D:\\xampp\\htdocs...')
#9 {main}
CRITICAL - 2022-02-20 22:51:14 --> syntax error, unexpected ''nama'' (T_CONSTANT_ENCAPSED_STRING), expecting variable (T_VARIABLE)
#0 D:\xampp\htdocs\app_cafe_irhab\vendor\codeigniter4\framework\system\Autoloader\Autoloader.php(241): CodeIgniter\Autoloader\Autoloader->includeFile('D:\\xampp\\htdocs...')
#1 D:\xampp\htdocs\app_cafe_irhab\vendor\codeigniter4\framework\system\Autoloader\Autoloader.php(219): CodeIgniter\Autoloader\Autoloader->loadInNamespace('App\\Models\\User...')
#2 [internal function]: CodeIgniter\Autoloader\Autoloader->loadClass('App\\Models\\User...')
#3 D:\xampp\htdocs\app_cafe_irhab\app\Controllers\UserController.php(9): spl_autoload_call('App\\Models\\User...')
#4 D:\xampp\htdocs\app_cafe_irhab\vendor\codeigniter4\framework\system\CodeIgniter.php(802): App\Controllers\UserController->__construct()
#5 D:\xampp\htdocs\app_cafe_irhab\vendor\codeigniter4\framework\system\CodeIgniter.php(403): CodeIgniter\CodeIgniter->createController()
#6 D:\xampp\htdocs\app_cafe_irhab\vendor\codeigniter4\framework\system\CodeIgniter.php(320): CodeIgniter\CodeIgniter->handleRequest(NULL, Object(Config\Cache), false)
#7 D:\xampp\htdocs\app_cafe_irhab\public\index.php(37): CodeIgniter\CodeIgniter->run()
#8 D:\xampp\htdocs\app_cafe_irhab\vendor\codeigniter4\framework\system\Commands\Server\rewrite.php(43): require_once('D:\\xampp\\htdocs...')
#9 {main}
CRITICAL - 2022-02-20 22:56:30 --> syntax error, unexpected ''nama'' (T_CONSTANT_ENCAPSED_STRING), expecting variable (T_VARIABLE)
#0 D:\xampp\htdocs\app_cafe_irhab\vendor\codeigniter4\framework\system\Autoloader\Autoloader.php(241): CodeIgniter\Autoloader\Autoloader->includeFile('D:\\xampp\\htdocs...')
#1 D:\xampp\htdocs\app_cafe_irhab\vendor\codeigniter4\framework\system\Autoloader\Autoloader.php(219): CodeIgniter\Autoloader\Autoloader->loadInNamespace('App\\Models\\User...')
#2 [internal function]: CodeIgniter\Autoloader\Autoloader->loadClass('App\\Models\\User...')
#3 D:\xampp\htdocs\app_cafe_irhab\app\Controllers\UserController.php(9): spl_autoload_call('App\\Models\\User...')
#4 D:\xampp\htdocs\app_cafe_irhab\vendor\codeigniter4\framework\system\CodeIgniter.php(802): App\Controllers\UserController->__construct()
#5 D:\xampp\htdocs\app_cafe_irhab\vendor\codeigniter4\framework\system\CodeIgniter.php(403): CodeIgniter\CodeIgniter->createController()
#6 D:\xampp\htdocs\app_cafe_irhab\vendor\codeigniter4\framework\system\CodeIgniter.php(320): CodeIgniter\CodeIgniter->handleRequest(NULL, Object(Config\Cache), false)
#7 D:\xampp\htdocs\app_cafe_irhab\public\index.php(37): CodeIgniter\CodeIgniter->run()
#8 D:\xampp\htdocs\app_cafe_irhab\vendor\codeigniter4\framework\system\Commands\Server\rewrite.php(43): require_once('D:\\xampp\\htdocs...')
#9 {main}
CRITICAL - 2022-02-20 23:02:30 --> syntax error, unexpected ''nama'' (T_CONSTANT_ENCAPSED_STRING), expecting variable (T_VARIABLE)
#0 D:\xampp\htdocs\app_cafe_irhab\vendor\codeigniter4\framework\system\Autoloader\Autoloader.php(241): CodeIgniter\Autoloader\Autoloader->includeFile('D:\\xampp\\htdocs...')
#1 D:\xampp\htdocs\app_cafe_irhab\vendor\codeigniter4\framework\system\Autoloader\Autoloader.php(219): CodeIgniter\Autoloader\Autoloader->loadInNamespace('App\\Models\\User...')
#2 [internal function]: CodeIgniter\Autoloader\Autoloader->loadClass('App\\Models\\User...')
#3 D:\xampp\htdocs\app_cafe_irhab\app\Controllers\UserController.php(9): spl_autoload_call('App\\Models\\User...')
#4 D:\xampp\htdocs\app_cafe_irhab\vendor\codeigniter4\framework\system\CodeIgniter.php(802): App\Controllers\UserController->__construct()
#5 D:\xampp\htdocs\app_cafe_irhab\vendor\codeigniter4\framework\system\CodeIgniter.php(403): CodeIgniter\CodeIgniter->createController()
#6 D:\xampp\htdocs\app_cafe_irhab\vendor\codeigniter4\framework\system\CodeIgniter.php(320): CodeIgniter\CodeIgniter->handleRequest(NULL, Object(Config\Cache), false)
#7 D:\xampp\htdocs\app_cafe_irhab\public\index.php(37): CodeIgniter\CodeIgniter->run()
#8 D:\xampp\htdocs\app_cafe_irhab\vendor\codeigniter4\framework\system\Commands\Server\rewrite.php(43): require_once('D:\\xampp\\htdocs...')
#9 {main}
CRITICAL - 2022-02-20 23:08:01 --> Call to a member function findAll() on null
#0 D:\xampp\htdocs\app_cafe_irhab\vendor\codeigniter4\framework\system\CodeIgniter.php(825): App\Controllers\UserController->tampil()
#1 D:\xampp\htdocs\app_cafe_irhab\vendor\codeigniter4\framework\system\CodeIgniter.php(412): CodeIgniter\CodeIgniter->runController(Object(App\Controllers\UserController))
#2 D:\xampp\htdocs\app_cafe_irhab\vendor\codeigniter4\framework\system\CodeIgniter.php(320): CodeIgniter\CodeIgniter->handleRequest(NULL, Object(Config\Cache), false)
#3 D:\xampp\htdocs\app_cafe_irhab\public\index.php(37): CodeIgniter\CodeIgniter->run()
#4 D:\xampp\htdocs\app_cafe_irhab\vendor\codeigniter4\framework\system\Commands\Server\rewrite.php(43): require_once('D:\\xampp\\htdocs...')
#5 {main}
CRITICAL - 2022-02-20 23:27:10 --> Array to string conversion
#0 D:\xampp\htdocs\app_cafe_irhab\app\Views\UserList.php(21): CodeIgniter\Debug\Exceptions->errorHandler(8, 'Array to string...', 'D:\\xampp\\htdocs...', 21, Array)
#1 D:\xampp\htdocs\app_cafe_irhab\vendor\codeigniter4\framework\system\View\View.php(210): include('D:\\xampp\\htdocs...')
#2 D:\xampp\htdocs\app_cafe_irhab\vendor\codeigniter4\framework\system\View\View.php(213): CodeIgniter\View\View->CodeIgniter\View\{closure}()
#3 D:\xampp\htdocs\app_cafe_irhab\vendor\codeigniter4\framework\system\Common.php(1089): CodeIgniter\View\View->render('UserList', Array, true)
#4 D:\xampp\htdocs\app_cafe_irhab\app\Controllers\UserController.php(15): view('UserList', Array)
#5 D:\xampp\htdocs\app_cafe_irhab\vendor\codeigniter4\framework\system\CodeIgniter.php(825): App\Controllers\UserController->tampil()
#6 D:\xampp\htdocs\app_cafe_irhab\vendor\codeigniter4\framework\system\CodeIgniter.php(412): CodeIgniter\CodeIgniter->runController(Object(App\Controllers\UserController))
#7 D:\xampp\htdocs\app_cafe_irhab\vendor\codeigniter4\framework\system\CodeIgniter.php(320): CodeIgniter\CodeIgniter->handleRequest(NULL, Object(Config\Cache), false)
#8 D:\xampp\htdocs\app_cafe_irhab\public\index.php(37): CodeIgniter\CodeIgniter->run()
#9 D:\xampp\htdocs\app_cafe_irhab\vendor\codeigniter4\framework\system\Commands\Server\rewrite.php(43): require_once('D:\\xampp\\htdocs...')
#10 {main}
CRITICAL - 2022-02-20 23:40:14 --> syntax error, unexpected '}', expecting ';'
#0 D:\xampp\htdocs\app_cafe_irhab\vendor\codeigniter4\framework\system\Autoloader\Autoloader.php(241): CodeIgniter\Autoloader\Autoloader->includeFile('D:\\xampp\\htdocs...')
#1 D:\xampp\htdocs\app_cafe_irhab\vendor\codeigniter4\framework\system\Autoloader\Autoloader.php(219): CodeIgniter\Autoloader\Autoloader->loadInNamespace('App\\Controllers...')
#2 [internal function]: CodeIgniter\Autoloader\Autoloader->loadClass('App\\Controllers...')
#3 [internal function]: spl_autoload_call('App\\Controllers...')
#4 D:\xampp\htdocs\app_cafe_irhab\vendor\codeigniter4\framework\system\CodeIgniter.php(790): class_exists('\\App\\Controller...', true)
#5 D:\xampp\htdocs\app_cafe_irhab\vendor\codeigniter4\framework\system\CodeIgniter.php(399): CodeIgniter\CodeIgniter->startController()
#6 D:\xampp\htdocs\app_cafe_irhab\vendor\codeigniter4\framework\system\CodeIgniter.php(320): CodeIgniter\CodeIgniter->handleRequest(NULL, Object(Config\Cache), false)
#7 D:\xampp\htdocs\app_cafe_irhab\public\index.php(37): CodeIgniter\CodeIgniter->run()
#8 D:\xampp\htdocs\app_cafe_irhab\vendor\codeigniter4\framework\system\Commands\Server\rewrite.php(43): require_once('D:\\xampp\\htdocs...')
#9 {main}
CRITICAL - 2022-02-20 23:40:26 --> syntax error, unexpected '$no' (T_VARIABLE), expecting ';'
#0 D:\xampp\htdocs\app_cafe_irhab\vendor\codeigniter4\framework\system\View\View.php(213): CodeIgniter\View\View->CodeIgniter\View\{closure}()
#1 D:\xampp\htdocs\app_cafe_irhab\vendor\codeigniter4\framework\system\Common.php(1089): CodeIgniter\View\View->render('UserList', Array, true)
#2 D:\xampp\htdocs\app_cafe_irhab\app\Controllers\UserController.php(15): view('UserList', Array)
#3 D:\xampp\htdocs\app_cafe_irhab\vendor\codeigniter4\framework\system\CodeIgniter.php(825): App\Controllers\UserController->tampil()
#4 D:\xampp\htdocs\app_cafe_irhab\vendor\codeigniter4\framework\system\CodeIgniter.php(412): CodeIgniter\CodeIgniter->runController(Object(App\Controllers\UserController))
#5 D:\xampp\htdocs\app_cafe_irhab\vendor\codeigniter4\framework\system\CodeIgniter.php(320): CodeIgniter\CodeIgniter->handleRequest(NULL, Object(Config\Cache), false)
#6 D:\xampp\htdocs\app_cafe_irhab\public\index.php(37): CodeIgniter\CodeIgniter->run()
#7 D:\xampp\htdocs\app_cafe_irhab\vendor\codeigniter4\framework\system\Commands\Server\rewrite.php(43): require_once('D:\\xampp\\htdocs...')
#8 {main}
CRITICAL - 2022-02-20 23:41:12 --> Array to string conversion
#0 D:\xampp\htdocs\app_cafe_irhab\app\Views\UserList.php(21): CodeIgniter\Debug\Exceptions->errorHandler(8, 'Array to string...', 'D:\\xampp\\htdocs...', 21, Array)
#1 D:\xampp\htdocs\app_cafe_irhab\vendor\codeigniter4\framework\system\View\View.php(210): include('D:\\xampp\\htdocs...')
#2 D:\xampp\htdocs\app_cafe_irhab\vendor\codeigniter4\framework\system\View\View.php(213): CodeIgniter\View\View->CodeIgniter\View\{closure}()
#3 D:\xampp\htdocs\app_cafe_irhab\vendor\codeigniter4\framework\system\Common.php(1089): CodeIgniter\View\View->render('UserList', Array, true)
#4 D:\xampp\htdocs\app_cafe_irhab\app\Controllers\UserController.php(15): view('UserList', Array)
#5 D:\xampp\htdocs\app_cafe_irhab\vendor\codeigniter4\framework\system\CodeIgniter.php(825): App\Controllers\UserController->tampil()
#6 D:\xampp\htdocs\app_cafe_irhab\vendor\codeigniter4\framework\system\CodeIgniter.php(412): CodeIgniter\CodeIgniter->runController(Object(App\Controllers\UserController))
#7 D:\xampp\htdocs\app_cafe_irhab\vendor\codeigniter4\framework\system\CodeIgniter.php(320): CodeIgniter\CodeIgniter->handleRequest(NULL, Object(Config\Cache), false)
#8 D:\xampp\htdocs\app_cafe_irhab\public\index.php(37): CodeIgniter\CodeIgniter->run()
#9 D:\xampp\htdocs\app_cafe_irhab\vendor\codeigniter4\framework\system\Commands\Server\rewrite.php(43): require_once('D:\\xampp\\htdocs...')
#10 {main}
CRITICAL - 2022-02-20 23:56:40 --> syntax error, unexpected '}'
#0 D:\xampp\htdocs\app_cafe_irhab\vendor\codeigniter4\framework\system\Autoloader\Autoloader.php(241): CodeIgniter\Autoloader\Autoloader->includeFile('D:\\xampp\\htdocs...')
#1 D:\xampp\htdocs\app_cafe_irhab\vendor\codeigniter4\framework\system\Autoloader\Autoloader.php(219): CodeIgniter\Autoloader\Autoloader->loadInNamespace('App\\Controllers...')
#2 [internal function]: CodeIgniter\Autoloader\Autoloader->loadClass('App\\Controllers...')
#3 [internal function]: spl_autoload_call('App\\Controllers...')
#4 D:\xampp\htdocs\app_cafe_irhab\vendor\codeigniter4\framework\system\CodeIgniter.php(790): class_exists('\\App\\Controller...', true)
#5 D:\xampp\htdocs\app_cafe_irhab\vendor\codeigniter4\framework\system\CodeIgniter.php(399): CodeIgniter\CodeIgniter->startController()
#6 D:\xampp\htdocs\app_cafe_irhab\vendor\codeigniter4\framework\system\CodeIgniter.php(320): CodeIgniter\CodeIgniter->handleRequest(NULL, Object(Config\Cache), false)
#7 D:\xampp\htdocs\app_cafe_irhab\public\index.php(37): CodeIgniter\CodeIgniter->run()
#8 D:\xampp\htdocs\app_cafe_irhab\vendor\codeigniter4\framework\system\Commands\Server\rewrite.php(43): require_once('D:\\xampp\\htdocs...')
#9 {main}
